% -*- coding: utf-8 -*-

fstructure('Nichols was sentenced to life in prison for the April 19 , 1995 , bombing of the OklahomaXYZCity federal building . ',
	% Properties:
	[
	'markup_free_sentence'('Nichols was sentenced to life in prison for the April 19 , 1995 , bombing of the OklahomaXYZCity federal building . '),
	'xle_version'('XLE release of Dec 19, 2011 11:56.'),
	'grammar'('./english/english.lfg'),
	'grammar_date'('Sep 27, 2012 11:53'),
	'grammar_version'('english-2007-06-11'),
	'statistics'('888+6156 solutions, 0.130 CPU seconds, 10.977MB max mem, 930 subtrees unified'),
	'rootcategory'('ROOT'),
	'hostname'('cfilt-desktop')
	],
	% Choices:
	[
	
	],
	% Equivalences:
	[
	
	],
	% Constraints:
	[
	cf(1,eq(attr(var(0),'PRED'),semform('sentence',4,['NULL',var(1),var(2)],[]))),
	cf(1,eq(attr(var(0),'SUBJ'),var(1))),
	cf(1,eq(attr(var(0),'OBL'),var(2))),
	cf(1,eq(attr(var(0),'ADJUNCT'),var(3))),
	cf(1,eq(attr(var(0),'CHECK'),var(4))),
	cf(1,eq(attr(var(0),'TNS-ASP'),var(5))),
	cf(1,eq(attr(var(0),'CLAUSE-TYPE'),'decl')),
	cf(1,eq(attr(var(0),'PASSIVE'),'+')),
	cf(1,eq(attr(var(0),'VTYPE'),'main')),
	cf(1,eq(attr(var(1),'PRED'),semform('Nichols',1,[],[]))),
	cf(1,eq(attr(var(1),'CHECK'),var(6))),
	cf(1,eq(attr(var(1),'NTYPE'),var(7))),
	cf(1,eq(attr(var(1),'CASE'),'nom')),
	cf(1,eq(attr(var(1),'HUMAN'),'+')),
	cf(1,eq(attr(var(1),'NUM'),'sg')),
	cf(1,eq(attr(var(1),'PERS'),'3')),
	cf(1,eq(attr(var(6),'_LEX-SOURCE'),'morphology')),
	cf(1,eq(attr(var(7),'NSEM'),var(8))),
	cf(1,eq(attr(var(7),'NSYN'),'proper')),
	cf(1,eq(attr(var(8),'PROPER'),var(9))),
	cf(1,eq(attr(var(9),'NAME-TYPE'),'last_name')),
	cf(1,eq(attr(var(9),'PROPER-TYPE'),'name')),
	cf(1,eq(attr(var(2),'PRED'),semform('to',19,[var(10)],[]))),
	cf(1,eq(attr(var(2),'OBJ'),var(10))),
	cf(1,eq(attr(var(2),'PSEM'),var(11))),
	cf(1,eq(attr(var(2),'PTYPE'),'sem')),
	cf(1,eq(attr(var(10),'PRED'),semform('life',20,[],[]))),
	cf(1,eq(attr(var(10),'CHECK'),var(12))),
	cf(1,eq(attr(var(10),'NTYPE'),var(13))),
	cf(1,eq(attr(var(10),'CASE'),'obl')),
	cf(1,eq(attr(var(10),'NUM'),'sg')),
	cf(1,eq(attr(var(10),'PERS'),'3')),
	cf(1,eq(attr(var(12),'_LEX-SOURCE'),'morphology')),
	cf(1,eq(attr(var(13),'NSYN'),'common')),
	cf(1,in_set('dir',var(11))),
	cf(1,in_set(var(14),var(3))),
	cf(1,eq(attr(var(14),'PRED'),semform('in',22,[var(15)],[]))),
	cf(1,eq(attr(var(14),'OBJ'),var(15))),
	cf(1,eq(attr(var(14),'PSEM'),var(16))),
	cf(1,eq(attr(var(14),'PTYPE'),'sem')),
	cf(1,eq(attr(var(15),'PRED'),semform('build',47,[var(17)],[]))),
	cf(1,eq(attr(var(15),'SUBJ'),var(17))),
	cf(1,eq(attr(var(15),'CHECK'),var(18))),
	cf(1,eq(attr(var(15),'TNS-ASP'),var(19))),
	cf(1,eq(attr(var(15),'PASSIVE'),'-')),
	cf(1,eq(attr(var(15),'VTYPE'),'main')),
	cf(1,eq(attr(var(17),'PRED'),semform('prison',23,[],[]))),
	cf(1,eq(attr(var(17),'ADJUNCT'),var(20))),
	cf(1,eq(attr(var(17),'CHECK'),var(21))),
	cf(1,eq(attr(var(17),'NTYPE'),var(22))),
	cf(1,eq(attr(var(17),'CASE'),'obl')),
	cf(1,eq(attr(var(17),'NUM'),'sg')),
	cf(1,eq(attr(var(17),'PERS'),'3')),
	cf(1,in_set(var(23),var(20))),
	cf(1,eq(attr(var(23),'PRED'),semform('for',25,[var(24)],[]))),
	cf(1,eq(attr(var(23),'OBJ'),var(24))),
	cf(1,eq(attr(var(23),'PTYPE'),'sem')),
	cf(1,eq(attr(var(24),'PRED'),semform('bomb',34,[],[]))),
	cf(1,eq(attr(var(24),'ADJUNCT'),var(25))),
	cf(1,eq(attr(var(24),'MOD'),var(26))),
	cf(1,eq(attr(var(24),'CHECK'),var(27))),
	cf(1,eq(attr(var(24),'NTYPE'),var(28))),
	cf(1,eq(attr(var(24),'SPEC'),var(29))),
	cf(1,eq(attr(var(24),'TNS-ASP'),var(30))),
	cf(1,eq(attr(var(24),'CASE'),'obl')),
	cf(1,eq(attr(var(24),'NUM'),'sg')),
	cf(1,eq(attr(var(24),'PERS'),'3')),
	cf(1,eq(attr(var(24),'VTYPE'),'main')),
	cf(1,in_set(var(31),var(25))),
	cf(1,eq(attr(var(31),'PRED'),semform('of',35,[var(32)],[]))),
	cf(1,eq(attr(var(31),'OBJ'),var(32))),
	cf(1,eq(attr(var(31),'PTYPE'),'sem')),
	cf(1,eq(attr(var(32),'PRED'),semform('federal',42,[],[]))),
	cf(1,eq(attr(var(32),'MOD'),var(33))),
	cf(1,eq(attr(var(32),'CHECK'),var(34))),
	cf(1,eq(attr(var(32),'NTYPE'),var(35))),
	cf(1,eq(attr(var(32),'SPEC'),var(36))),
	cf(1,eq(attr(var(32),'CASE'),'obl')),
	cf(1,eq(attr(var(32),'NUM'),'sg')),
	cf(1,eq(attr(var(32),'PERS'),'3')),
	cf(1,in_set(var(37),var(33))),
	cf(1,eq(attr(var(37),'PRED'),semform('OklahomaXYZCity',38,[],[]))),
	cf(1,eq(attr(var(37),'CHECK'),var(38))),
	cf(1,eq(attr(var(37),'NTYPE'),var(39))),
	cf(1,eq(attr(var(37),'NUM'),'sg')),
	cf(1,eq(attr(var(37),'PERS'),'3')),
	cf(1,eq(attr(var(38),'_LEX-SOURCE'),'guesser')),
	cf(1,eq(attr(var(39),'NSYN'),'proper')),
	cf(1,eq(attr(var(34),'_LEX-SOURCE'),'morphology')),
	cf(1,eq(attr(var(35),'NSYN'),'common')),
	cf(1,eq(attr(var(36),'DET'),var(40))),
	cf(1,eq(attr(var(40),'PRED'),semform('the',36,[],[]))),
	cf(1,eq(attr(var(40),'DET-TYPE'),'def')),
	cf(1,in_set(var(41),var(26))),
	cf(1,eq(attr(var(41),'PRED'),semform('month(4) day(19)',27,[],[]))),
	cf(1,eq(attr(var(41),'ADJUNCT'),var(42))),
	cf(1,eq(attr(var(41),'CHECK'),var(43))),
	cf(1,eq(attr(var(41),'NTYPE'),var(44))),
	cf(1,eq(attr(var(41),'NE-TYPE'),'time_date')),
	cf(1,eq(attr(var(41),'PERS'),'3')),
	cf(1,in_set(var(45),var(42))),
	cf(1,eq(attr(var(45),'PRED'),semform('1995',32,[],[]))),
	cf(1,eq(attr(var(45),'CHECK'),var(46))),
	cf(1,eq(attr(var(45),'NTYPE'),var(47))),
	cf(1,eq(attr(var(45),'ADJUNCT-TYPE'),'parenthetical')),
	cf(1,eq(attr(var(45),'NUM'),'pl')),
	cf(1,eq(attr(var(45),'NUMBER-TYPE'),'card')),
	cf(1,eq(attr(var(45),'PERS'),'3')),
	cf(1,eq(attr(var(46),'_LEX-SOURCE'),'morphology')),
	cf(1,eq(attr(var(46),'_NUMBER-MORPH'),'digit')),
	cf(1,eq(attr(var(47),'NSEM'),var(48))),
	cf(1,eq(attr(var(47),'NSYN'),'common')),
	cf(1,eq(attr(var(48),'COMMON'),'count')),
	cf(1,eq(attr(var(43),'_LEX-SOURCE'),'morphology')),
	cf(1,eq(attr(var(44),'NSEM'),var(49))),
	cf(1,eq(attr(var(49),'TIME'),'date')),
	cf(1,eq(attr(var(27),'_LEX-SOURCE'),'morphology')),
	cf(1,eq(attr(var(28),'NSEM'),var(50))),
	cf(1,eq(attr(var(28),'NSYN'),'common')),
	cf(1,eq(attr(var(50),'COMMON'),'gerund')),
	cf(1,eq(attr(var(29),'DET'),var(51))),
	cf(1,eq(attr(var(51),'PRED'),semform('the',26,[],[]))),
	cf(1,eq(attr(var(51),'DET-TYPE'),'def')),
	cf(1,eq(attr(var(30),'PERF'),'-_')),
	cf(1,eq(attr(var(30),'PROG'),'+_')),
	cf(1,eq(attr(var(21),'_LEX-SOURCE'),'morphology')),
	cf(1,eq(attr(var(22),'NSYN'),'common')),
	cf(1,eq(attr(var(18),'_SUBCAT-FRAME'),'V-SUBJ')),
	cf(1,eq(attr(var(19),'PERF'),'-_')),
	cf(1,eq(attr(var(19),'PROG'),'+_')),
	cf(1,in_set('loc',var(16))),
	cf(1,eq(attr(var(4),'_SUBCAT-FRAME'),'V-SUBJ-OBJ-OBL')),
	cf(1,eq(attr(var(5),'MOOD'),'indicative')),
	cf(1,eq(attr(var(5),'PERF'),'-_')),
	cf(1,eq(attr(var(5),'PROG'),'-_')),
	cf(1,eq(attr(var(5),'TENSE'),'past')),
	cf(1,eq(proj(var(52),'o::'),var(53))),
	cf(1,in_set('ObjOblSpec',var(53))),
	cf(1,eq(proj(var(54),'o::'),var(55))),
	cf(1,in_set('Obl',var(55))),
	cf(1,eq(proj(var(56),'o::'),var(57))),
	cf(1,in_set('AdjunctPPinVP',var(57))),
	cf(1,eq(proj(var(58),'o::'),var(59))),
	cf(1,in_set('AdjunctPPinNP',var(59))),
	cf(1,eq(proj(var(60),'o::'),var(61))),
	cf(1,in_set('AdjunctPPinNP',var(61))),
	cf(1,eq(proj(var(62),'o::'),var(63))),
	cf(1,in_set('GenMunkForm',var(63))),
	cf(1,in_set('MunkFormProper',var(63))),
	cf(1,eq(proj(var(64),'o::'),var(65))),
	cf(1,in_set('CommaParen',var(65))),
	cf(1,eq(proj(var(66),'o::'),var(67))),
	cf(1,in_set('GenMisc',var(67))),
	cf(1,eq(proj(var(68),'o::'),var(69))),
	cf(1,in_set('GenPreferBlock',var(69))),
	cf(1,eq(proj(var(70),'o::'),var(71))),
	cf(1,in_set('MWE',var(71))),
	cf(1,eq(proj(var(72),'o::'),var(73))),
	cf(1,in_set('MWETimeDate',var(73))),
	cf(1,eq(proj(var(74),'o::'),var(75))),
	cf(1,in_set('ClausePunct',var(75))),
	cf(1,in_set('GenGoodPunct',var(75)))
	],
	% C-Structure:
	[
	cf(1,subtree(9062,'ROOT',9061,761)),
	cf(1,phi(9062,var(0))),
	cf(1,cproj(9062,var(74))),
	cf(1,subtree(9061,'ROOT',-,9044)),
	cf(1,phi(9061,var(0))),
	cf(1,subtree(9044,'Sadj[fin]',-,9039)),
	cf(1,phi(9044,var(0))),
	cf(1,subtree(9039,'S[fin]',1128,9035)),
	cf(1,phi(9039,var(0))),
	cf(1,subtree(1128,'S[fin]',-,1110)),
	cf(1,phi(1128,var(0))),
	cf(1,subtree(1110,'NP',-,1037)),
	cf(1,phi(1110,var(1))),
	cf(1,subtree(1037,'NPadj',-,1018)),
	cf(1,phi(1037,var(1))),
	cf(1,subtree(1018,'NPzero',-,1013)),
	cf(1,phi(1018,var(1))),
	cf(1,subtree(1013,'NAME',1010,32)),
	cf(1,phi(1013,var(1))),
	cf(1,subtree(1010,'NAME',1009,55)),
	cf(1,phi(1010,var(1))),
	cf(1,subtree(1009,'NAME',976,38)),
	cf(1,phi(1009,var(1))),
	cf(1,subtree(976,'NAME',-,53)),
	cf(1,phi(976,var(1))),
	cf(1,subtree(53,'NAME_BASE',-,41)),
	cf(1,phi(53,var(1))),
	cf(1,terminal(41,'Nichols',[1])),
	cf(1,phi(41,var(1))),
	cf(1,subtree(38,'PROP_SFX_BASE',-,39)),
	cf(1,phi(38,var(1))),
	cf(1,terminal(39,'+Prop',[1])),
	cf(1,phi(39,var(1))),
	cf(1,subtree(55,'NAMETYPE_SFX_BASE',-,56)),
	cf(1,phi(55,var(1))),
	cf(1,terminal(56,'+Fam',[1])),
	cf(1,phi(56,var(1))),
	cf(1,subtree(32,'NNUM_SFX_BASE',-,30)),
	cf(1,phi(32,var(1))),
	cf(1,terminal(30,'+Sg',[1])),
	cf(1,phi(30,var(1))),
	cf(1,subtree(9035,'VPall[fin]',-,9031)),
	cf(1,phi(9035,var(0))),
	cf(1,subtree(9031,'VP[pass,fin]',1204,8866)),
	cf(1,phi(9031,var(0))),
	cf(1,subtree(1204,'VP[pass,fin]',-,66)),
	cf(1,phi(1204,var(0))),
	cf(1,subtree(66,'AUX[pass,fin]',-,59)),
	cf(1,phi(66,var(0))),
	cf(1,terminal(59,'was',[59])),
	cf(1,phi(59,var(0))),
	cf(1,subtree(8866,'VPv[pass]',11636,7993)),
	cf(1,phi(8866,var(0))),
	cf(1,cproj(8866,var(56))),
	cf(1,subtree(11636,'VPv[pass]',1233,11353)),
	cf(1,phi(11636,var(0))),
	cf(1,cproj(11636,var(54))),
	cf(1,subtree(1233,'VPv[pass]',-,1226)),
	cf(1,phi(1233,var(0))),
	cf(1,subtree(1226,'V[pass]',1225,125)),
	cf(1,phi(1226,var(0))),
	cf(1,subtree(1225,'V[pass]',1224,128)),
	cf(1,phi(1225,var(0))),
	cf(1,subtree(1224,'V[pass]',1223,135)),
	cf(1,phi(1224,var(0))),
	cf(1,subtree(1223,'V[pass]',-,138)),
	cf(1,phi(1223,var(0))),
	cf(1,subtree(138,'V_BASE',-,137)),
	cf(1,phi(138,var(0))),
	cf(1,cproj(138,var(52))),
	cf(1,terminal(137,'sentence',[82])),
	cf(1,phi(137,var(0))),
	cf(1,cproj(137,var(52))),
	cf(1,subtree(135,'V_SFX_BASE',-,133)),
	cf(1,phi(135,var(0))),
	cf(1,terminal(133,'+Verb',[82])),
	cf(1,phi(133,var(0))),
	cf(1,subtree(128,'VPASS_SFX_BASE',-,129)),
	cf(1,phi(128,var(0))),
	cf(1,terminal(129,'+PastBoth',[82])),
	cf(1,phi(129,var(0))),
	cf(1,subtree(125,'VNOPERS_SFX_BASE',-,126)),
	cf(1,phi(125,var(0))),
	cf(1,terminal(126,'+123SP',[82])),
	cf(1,phi(126,var(0))),
	cf(1,subtree(11353,'PP',11352,8758)),
	cf(1,phi(11353,var(2))),
	cf(1,subtree(11352,'PP',-,162)),
	cf(1,phi(11352,var(2))),
	cf(1,subtree(162,'P',-,151)),
	cf(1,phi(162,var(2))),
	cf(1,terminal(151,'to',[151])),
	cf(1,phi(151,var(2))),
	cf(1,subtree(8758,'NP',-,8492)),
	cf(1,phi(8758,var(10))),
	cf(1,subtree(8492,'NPadj',-,1464)),
	cf(1,phi(8492,var(10))),
	cf(1,subtree(1464,'NPzero',-,1457)),
	cf(1,phi(1464,var(10))),
	cf(1,subtree(1457,'N',1456,167)),
	cf(1,phi(1457,var(10))),
	cf(1,subtree(1456,'N',1442,171)),
	cf(1,phi(1456,var(10))),
	cf(1,subtree(1442,'N',-,177)),
	cf(1,phi(1442,var(10))),
	cf(1,subtree(177,'N_BASE',-,173)),
	cf(1,phi(177,var(10))),
	cf(1,terminal(173,'life',[163])),
	cf(1,phi(173,var(10))),
	cf(1,subtree(171,'N_SFX_BASE',-,170)),
	cf(1,phi(171,var(10))),
	cf(1,terminal(170,'+Noun',[163])),
	cf(1,phi(170,var(10))),
	cf(1,subtree(167,'NNUM_SFX_BASE',-,165)),
	cf(1,phi(167,var(10))),
	cf(1,terminal(165,'+Sg',[163])),
	cf(1,phi(165,var(10))),
	cf(1,subtree(7993,'PPcl',-,7553)),
	cf(1,phi(7993,var(14))),
	cf(1,subtree(7553,'PP',1537,7575)),
	cf(1,phi(7553,var(14))),
	cf(1,subtree(1537,'PP',-,1492)),
	cf(1,phi(1537,var(14))),
	cf(1,subtree(1492,'P',1491,207)),
	cf(1,phi(1492,var(14))),
	cf(1,subtree(1491,'P',-,200)),
	cf(1,phi(1491,var(14))),
	cf(1,subtree(200,'P_BASE',-,199)),
	cf(1,phi(200,var(14))),
	cf(1,terminal(199,'in',[189])),
	cf(1,phi(199,var(14))),
	cf(1,subtree(207,'P_SFX_BASE',-,208)),
	cf(1,phi(207,var(14))),
	cf(1,terminal(208,'+Prep',[189])),
	cf(1,phi(208,var(14))),
	cf(1,subtree(7575,'Sprog',7568,3774)),
	cf(1,phi(7575,var(15))),
	cf(1,subtree(7568,'Sprog',-,7563)),
	cf(1,phi(7568,var(15))),
	cf(1,subtree(7563,'NP',-,7538)),
	cf(1,phi(7563,var(17))),
	cf(1,subtree(7538,'NPadj',7518,6569)),
	cf(1,phi(7538,var(17))),
	cf(1,cproj(7538,var(58))),
	cf(1,subtree(7518,'NPadj',-,1677)),
	cf(1,phi(7518,var(17))),
	cf(1,subtree(1677,'NPzero',-,1670)),
	cf(1,phi(1677,var(17))),
	cf(1,subtree(1670,'N',1669,215)),
	cf(1,phi(1670,var(17))),
	cf(1,subtree(1669,'N',1655,219)),
	cf(1,phi(1669,var(17))),
	cf(1,subtree(1655,'N',-,225)),
	cf(1,phi(1655,var(17))),
	cf(1,subtree(225,'N_BASE',-,221)),
	cf(1,phi(225,var(17))),
	cf(1,terminal(221,'prison',[211])),
	cf(1,phi(221,var(17))),
	cf(1,subtree(219,'N_SFX_BASE',-,218)),
	cf(1,phi(219,var(17))),
	cf(1,terminal(218,'+Noun',[211])),
	cf(1,phi(218,var(17))),
	cf(1,subtree(215,'NNUM_SFX_BASE',-,213)),
	cf(1,phi(215,var(17))),
	cf(1,terminal(213,'+Sg',[211])),
	cf(1,phi(213,var(17))),
	cf(1,subtree(6569,'PP',1752,6563)),
	cf(1,phi(6569,var(23))),
	cf(1,subtree(1752,'PP',-,1706)),
	cf(1,phi(1752,var(23))),
	cf(1,subtree(1706,'P',1705,238)),
	cf(1,phi(1706,var(23))),
	cf(1,subtree(1705,'P',-,240)),
	cf(1,phi(1705,var(23))),
	cf(1,subtree(240,'P_BASE',-,241)),
	cf(1,phi(240,var(23))),
	cf(1,terminal(241,'for',[237])),
	cf(1,phi(241,var(23))),
	cf(1,subtree(238,'P_SFX_BASE',-,239)),
	cf(1,phi(238,var(23))),
	cf(1,terminal(239,'+Prep',[237])),
	cf(1,phi(239,var(23))),
	cf(1,subtree(6563,'NP',1891,6538)),
	cf(1,phi(6563,var(24))),
	cf(1,subtree(1891,'NP',-,1886)),
	cf(1,phi(1891,var(24))),
	cf(1,subtree(1886,'D',1885,262)),
	cf(1,phi(1886,var(24))),
	cf(1,subtree(1885,'D',1884,264)),
	cf(1,phi(1885,var(24))),
	cf(1,subtree(1884,'D',1883,266)),
	cf(1,phi(1884,var(24))),
	cf(1,subtree(1883,'D',1882,268)),
	cf(1,phi(1883,var(24))),
	cf(1,subtree(1882,'D',-,270)),
	cf(1,phi(1882,var(24))),
	cf(1,subtree(270,'D_BASE',-,271)),
	cf(1,phi(270,var(24))),
	cf(1,terminal(271,'the',[259])),
	cf(1,phi(271,var(24))),
	cf(1,subtree(268,'D_SFX_BASE',-,269)),
	cf(1,phi(268,var(24))),
	cf(1,terminal(269,'+Det',[259])),
	cf(1,phi(269,var(24))),
	cf(1,subtree(266,'D_TYPE_SFX_BASE',-,267)),
	cf(1,phi(266,var(24))),
	cf(1,terminal(267,'+Art',[259])),
	cf(1,phi(267,var(24))),
	cf(1,subtree(264,'DEF_SFX_BASE',-,265)),
	cf(1,phi(264,var(24))),
	cf(1,terminal(265,'+Def',[259])),
	cf(1,phi(265,var(24))),
	cf(1,subtree(262,'DNUM_SFX_BASE',-,261)),
	cf(1,phi(262,var(24))),
	cf(1,terminal(261,'+SP',[259])),
	cf(1,phi(261,var(24))),
	cf(1,subtree(6538,'NPadj',6533,4414)),
	cf(1,phi(6538,var(24))),
	cf(1,cproj(6538,var(60))),
	cf(1,subtree(6533,'NPadj',-,6525)),
	cf(1,phi(6533,var(24))),
	cf(1,subtree(6525,'NPzero',6505,2065)),
	cf(1,phi(6525,var(24))),
	cf(1,subtree(6505,'NPzero',-,5455)),
	cf(1,phi(6505,var(24))),
	cf(1,subtree(5455,'Nmod',5437,4801)),
	cf(1,phi(5455,var(41))),
	cf(1,subtree(5437,'Nmod',-,6419)),
	cf(1,phi(5437,var(41))),
	cf(1,subtree(6419,'DATEP',6418,324)),
	cf(1,phi(6419,var(41))),
	cf(1,cproj(6419,var(70))),
	cf(1,subtree(6418,'DATEP',6412,325)),
	cf(1,phi(6418,var(41))),
	cf(1,subtree(6412,'DATEP',-,329)),
	cf(1,phi(6412,var(41))),
	cf(1,cproj(6412,var(72))),
	cf(1,subtree(329,'TIMEDATEP_BASE',-,328)),
	cf(1,phi(329,var(41))),
	cf(1,terminal(328,'month(4) day(19)',[321])),
	cf(1,phi(328,var(41))),
	cf(1,subtree(325,'DATEP_SFX_BASE',-,326)),
	cf(1,phi(325,var(41))),
	cf(1,terminal(326,'+DateP',[321])),
	cf(1,phi(326,var(41))),
	cf(1,subtree(324,'MWE_MORPH_SFX_BASE',-,323)),
	cf(1,phi(324,var(41))),
	cf(1,cproj(324,var(68))),
	cf(1,terminal(323,'+PreferMorph',[321])),
	cf(1,phi(323,var(41))),
	cf(1,cproj(323,var(68))),
	cf(1,subtree(4801,'PARENP',4799,454)),
	cf(1,phi(4801,var(45))),
	cf(1,cproj(4801,var(64))),
	cf(1,subtree(4799,'PARENP',2243,4771)),
	cf(1,phi(4799,var(45))),
	cf(1,subtree(2243,'PARENP',-,376)),
	cf(1,phi(2243,var(45))),
	cf(1,cproj(2243,var(66))),
	cf(1,subtree(376,'COMMA',-,342)),
	cf(1,phi(376,var(45))),
	cf(1,terminal(342,',',[342])),
	cf(1,phi(342,var(45))),
	cf(1,subtree(4771,'NP',-,2401)),
	cf(1,phi(4771,var(45))),
	cf(1,subtree(2401,'NPadj',-,2283)),
	cf(1,phi(2401,var(45))),
	cf(1,subtree(2283,'NUMBER',2282,400)),
	cf(1,phi(2283,var(45))),
	cf(1,subtree(2282,'NUMBER',2281,401)),
	cf(1,phi(2282,var(45))),
	cf(1,subtree(2281,'NUMBER',-,407)),
	cf(1,phi(2281,var(45))),
	cf(1,subtree(407,'NUMBER_BASE',-,404)),
	cf(1,phi(407,var(45))),
	cf(1,terminal(404,'1995',[377])),
	cf(1,phi(404,var(45))),
	cf(1,subtree(401,'NUM_SFX_BASE',-,402)),
	cf(1,phi(401,var(45))),
	cf(1,terminal(402,'+Dig',[377])),
	cf(1,phi(402,var(45))),
	cf(1,subtree(400,'CARD_SFX_BASE',-,398)),
	cf(1,phi(400,var(45))),
	cf(1,terminal(398,'+Card',[377])),
	cf(1,phi(398,var(45))),
	cf(1,subtree(454,'COMMA',-,420)),
	cf(1,phi(454,var(45))),
	cf(1,terminal(420,',',[420])),
	cf(1,phi(420,var(45))),
	cf(1,subtree(2065,'N',2064,506)),
	cf(1,phi(2065,var(24))),
	cf(1,subtree(2064,'N',2052,512)),
	cf(1,phi(2064,var(24))),
	cf(1,subtree(2052,'N',-,522)),
	cf(1,phi(2052,var(24))),
	cf(1,subtree(522,'VN_BASE',-,514)),
	cf(1,phi(522,var(24))),
	cf(1,terminal(514,'bomb',[455])),
	cf(1,phi(514,var(24))),
	cf(1,subtree(512,'V_SFX_BASE',-,510)),
	cf(1,phi(512,var(24))),
	cf(1,terminal(510,'+Verb',[455])),
	cf(1,phi(510,var(24))),
	cf(1,subtree(506,'VNPROG_SFX_BASE',-,507)),
	cf(1,phi(506,var(24))),
	cf(1,terminal(507,'+Prog',[455])),
	cf(1,phi(507,var(24))),
	cf(1,subtree(4414,'PPnp',-,4295)),
	cf(1,phi(4414,var(31))),
	cf(1,subtree(4295,'PP',2559,3736)),
	cf(1,phi(4295,var(31))),
	cf(1,subtree(2559,'PP',-,2554)),
	cf(1,phi(2559,var(31))),
	cf(1,subtree(2554,'P',2553,531)),
	cf(1,phi(2554,var(31))),
	cf(1,subtree(2553,'P',-,533)),
	cf(1,phi(2553,var(31))),
	cf(1,subtree(533,'P_BASE',-,534)),
	cf(1,phi(533,var(31))),
	cf(1,terminal(534,'of',[530])),
	cf(1,phi(534,var(31))),
	cf(1,subtree(531,'P_SFX_BASE',-,532)),
	cf(1,phi(531,var(31))),
	cf(1,terminal(532,'+Prep',[530])),
	cf(1,phi(532,var(31))),
	cf(1,subtree(3736,'NP',2726,3728)),
	cf(1,phi(3736,var(32))),
	cf(1,subtree(2726,'NP',-,2721)),
	cf(1,phi(2726,var(32))),
	cf(1,subtree(2721,'D',2720,541)),
	cf(1,phi(2721,var(32))),
	cf(1,subtree(2720,'D',2719,543)),
	cf(1,phi(2720,var(32))),
	cf(1,subtree(2719,'D',2718,545)),
	cf(1,phi(2719,var(32))),
	cf(1,subtree(2718,'D',2717,547)),
	cf(1,phi(2718,var(32))),
	cf(1,subtree(2717,'D',-,549)),
	cf(1,phi(2717,var(32))),
	cf(1,subtree(549,'D_BASE',-,550)),
	cf(1,phi(549,var(32))),
	cf(1,terminal(550,'the',[538])),
	cf(1,phi(550,var(32))),
	cf(1,subtree(547,'D_SFX_BASE',-,548)),
	cf(1,phi(547,var(32))),
	cf(1,terminal(548,'+Det',[538])),
	cf(1,phi(548,var(32))),
	cf(1,subtree(545,'D_TYPE_SFX_BASE',-,546)),
	cf(1,phi(545,var(32))),
	cf(1,terminal(546,'+Art',[538])),
	cf(1,phi(546,var(32))),
	cf(1,subtree(543,'DEF_SFX_BASE',-,544)),
	cf(1,phi(543,var(32))),
	cf(1,terminal(544,'+Def',[538])),
	cf(1,phi(544,var(32))),
	cf(1,subtree(541,'DNUM_SFX_BASE',-,540)),
	cf(1,phi(541,var(32))),
	cf(1,terminal(540,'+SP',[538])),
	cf(1,phi(540,var(32))),
	cf(1,subtree(3728,'NPadj',-,3670)),
	cf(1,phi(3728,var(32))),
	cf(1,subtree(3670,'NPzero',3655,3442)),
	cf(1,phi(3670,var(32))),
	cf(1,subtree(3655,'NPzero',-,2839)),
	cf(1,phi(3655,var(32))),
	cf(1,subtree(2839,'Nmod',-,2810)),
	cf(1,phi(2839,var(37))),
	cf(1,subtree(2810,'N',2836,556)),
	cf(1,phi(2810,var(37))),
	cf(1,subtree(2836,'N',2781,557)),
	cf(1,phi(2836,var(37))),
	cf(1,subtree(2781,'N',-,564)),
	cf(1,phi(2781,var(37))),
	cf(1,subtree(564,'N_BASE',-,560)),
	cf(1,phi(564,var(37))),
	cf(1,terminal(560,'OklahomaXYZCity',[553])),
	cf(1,phi(560,var(37))),
	cf(1,subtree(557,'PROP_SFX_BASE',-,558)),
	cf(1,phi(557,var(37))),
	cf(1,terminal(558,'+Prop',[553])),
	cf(1,phi(558,var(37))),
	cf(1,subtree(556,'GUESSED_SFX_BASE',-,555)),
	cf(1,phi(556,var(37))),
	cf(1,cproj(556,var(62))),
	cf(1,terminal(555,'+Guessed',[553])),
	cf(1,phi(555,var(37))),
	cf(1,cproj(555,var(62))),
	cf(1,subtree(3442,'N',3441,610)),
	cf(1,phi(3442,var(32))),
	cf(1,subtree(3441,'N',3428,614)),
	cf(1,phi(3441,var(32))),
	cf(1,subtree(3428,'N',-,620)),
	cf(1,phi(3428,var(32))),
	cf(1,subtree(620,'N_BASE',-,616)),
	cf(1,phi(620,var(32))),
	cf(1,terminal(616,'federal',[604])),
	cf(1,phi(616,var(32))),
	cf(1,subtree(614,'N_SFX_BASE',-,613)),
	cf(1,phi(614,var(32))),
	cf(1,terminal(613,'+Noun',[604])),
	cf(1,phi(613,var(32))),
	cf(1,subtree(610,'NNUM_SFX_BASE',-,608)),
	cf(1,phi(610,var(32))),
	cf(1,terminal(608,'+Sg',[604])),
	cf(1,phi(608,var(32))),
	cf(1,subtree(3774,'VPall[prog]',-,3375)),
	cf(1,phi(3774,var(15))),
	cf(1,subtree(3375,'VPv[prog]',-,3168)),
	cf(1,phi(3375,var(15))),
	cf(1,subtree(3168,'V[prog]',3167,707)),
	cf(1,phi(3168,var(15))),
	cf(1,subtree(3167,'V[prog]',3166,711)),
	cf(1,phi(3167,var(15))),
	cf(1,subtree(3166,'V[prog]',-,712)),
	cf(1,phi(3166,var(15))),
	cf(1,subtree(712,'V_BASE',-,713)),
	cf(1,phi(712,var(15))),
	cf(1,terminal(713,'build',[651])),
	cf(1,phi(713,var(15))),
	cf(1,subtree(711,'V_SFX_BASE',-,709)),
	cf(1,phi(711,var(15))),
	cf(1,terminal(709,'+Verb',[651])),
	cf(1,phi(709,var(15))),
	cf(1,subtree(707,'VPROG_SFX_BASE',-,706)),
	cf(1,phi(707,var(15))),
	cf(1,terminal(706,'+Prog',[651])),
	cf(1,phi(706,var(15))),
	cf(1,subtree(761,'PERIOD',-,727)),
	cf(1,phi(761,var(0))),
	cf(1,terminal(727,'.',[727])),
	cf(1,phi(727,var(0))),
	cf(1,semform_data(1,53,1,8)),
	cf(1,semform_data(4,138,13,22)),
	cf(1,semform_data(19,162,23,25)),
	cf(1,semform_data(20,177,26,30)),
	cf(1,semform_data(22,200,31,33)),
	cf(1,semform_data(23,225,34,40)),
	cf(1,semform_data(25,240,41,44)),
	cf(1,semform_data(26,270,45,48)),
	cf(1,semform_data(27,329,49,57)),
	cf(1,semform_data(32,407,60,64)),
	cf(1,semform_data(34,522,67,74)),
	cf(1,semform_data(35,533,75,77)),
	cf(1,semform_data(36,549,78,81)),
	cf(1,semform_data(38,564,82,97)),
	cf(1,semform_data(42,620,98,105)),
	cf(1,semform_data(47,712,106,114)),
	cf(1,fspan(var(0),1,117)),
	cf(1,fspan(var(1),1,8)),
	cf(1,fspan(var(14),31,114)),
	cf(1,fspan(var(2),23,30)),
	cf(1,fspan(var(10),26,30)),
	cf(1,fspan(var(15),34,114)),
	cf(1,fspan(var(17),34,105)),
	cf(1,fspan(var(23),41,105)),
	cf(1,fspan(var(24),45,105)),
	cf(1,fspan(var(31),75,105)),
	cf(1,fspan(var(41),49,66)),
	cf(1,fspan(var(45),58,66)),
	cf(1,fspan(var(32),78,105)),
	cf(1,fspan(var(37),82,97)),
	cf(1,fspan(var(15),111,112)),
	cf(1,surfaceform(1,'Nichols',1,8)),
	cf(1,surfaceform(59,'was',9,12)),
	cf(1,surfaceform(82,'sentenced',13,22)),
	cf(1,surfaceform(151,'to',23,25)),
	cf(1,surfaceform(163,'life',26,30)),
	cf(1,surfaceform(189,'in',31,33)),
	cf(1,surfaceform(211,'prison',34,40)),
	cf(1,surfaceform(237,'for',41,44)),
	cf(1,surfaceform(259,'the',45,48)),
	cf(1,surfaceform(321,'April 19',49,57)),
	cf(1,surfaceform(342,',',58,59)),
	cf(1,surfaceform(377,'1995',60,64)),
	cf(1,surfaceform(420,',',65,66)),
	cf(1,surfaceform(455,'bombing',67,74)),
	cf(1,surfaceform(530,'of',75,77)),
	cf(1,surfaceform(538,'the',78,81)),
	cf(1,surfaceform(553,'OklahomaXYZCity',82,97)),
	cf(1,surfaceform(604,'federal',98,105)),
	cf(1,surfaceform(651,'building',106,114)),
	cf(1,surfaceform(727,'.',115,117))
	]).
