% -*- coding: utf-8 -*-

fstructure('that this is not the best way to combat this phenomenon . ',
	% Properties:
	[
	'markup_free_sentence'('that this is not the best way to combat this phenomenon . '),
	'xle_version'('XLE release of Dec 19, 2011 11:56.'),
	'grammar'('./english/english.lfg'),
	'grammar_date'('Sep 27, 2012 11:53'),
	'grammar_version'('english-2007-06-11'),
	'statistics'('*2+3214 solutions, 0.360 CPU seconds, 8.294MB max mem, 1292 subtrees unified'),
	'rootcategory'('FRAGMENTS'),
	'hostname'('avishek-Inspiron-N5010')
	],
	% Choices:
	[
	
	],
	% Equivalences:
	[
	
	],
	% Constraints:
	[
	cf(1,eq(attr(var(0),'FIRST'),var(1))),
	cf(1,eq(attr(var(0),'REST'),var(2))),
	cf(1,eq(attr(var(1),'PRED'),semform('that',0,[],[]))),
	cf(1,eq(attr(var(1),'NTYPE'),var(3))),
	cf(1,eq(attr(var(1),'DEIXIS'),'distal')),
	cf(1,eq(attr(var(1),'NUM'),'sg')),
	cf(1,eq(attr(var(1),'PERS'),'3')),
	cf(1,eq(attr(var(1),'PRON-TYPE'),'demon')),
	cf(1,eq(attr(var(3),'NSYN'),'pronoun')),
	cf(1,eq(attr(var(2),'FIRST'),var(4))),
	cf(1,eq(attr(var(4),'PRED'),semform('be',18,[var(5)],[var(6)]))),
	cf(1,eq(attr(var(4),'SUBJ'),var(6))),
	cf(1,eq(attr(var(4),'XCOMP-PRED'),var(5))),
	cf(1,eq(attr(var(4),'ADJUNCT'),var(7))),
	cf(1,eq(attr(var(4),'CHECK'),var(8))),
	cf(1,eq(attr(var(4),'TNS-ASP'),var(9))),
	cf(1,eq(attr(var(4),'CLAUSE-TYPE'),'decl')),
	cf(1,eq(attr(var(4),'PASSIVE'),'-')),
	cf(1,eq(attr(var(4),'VTYPE'),'copular')),
	cf(1,eq(attr(var(6),'PRED'),semform('this',9,[],[]))),
	cf(1,eq(attr(var(6),'NTYPE'),var(10))),
	cf(1,eq(attr(var(6),'CASE'),'nom')),
	cf(1,eq(attr(var(6),'DEIXIS'),'proximal')),
	cf(1,eq(attr(var(6),'NUM'),'sg')),
	cf(1,eq(attr(var(6),'PERS'),'3')),
	cf(1,eq(attr(var(6),'PRON-TYPE'),'demon')),
	cf(1,eq(attr(var(10),'NSYN'),'pronoun')),
	cf(1,eq(attr(var(5),'PRED'),semform('way',46,[var(6),var(11)],[]))),
	cf(1,eq(attr(var(5),'SUBJ'),var(6))),
	cf(1,eq(attr(var(5),'XCOMP'),var(11))),
	cf(1,eq(attr(var(5),'ADJUNCT'),var(12))),
	cf(1,eq(attr(var(5),'CHECK'),var(13))),
	cf(1,eq(attr(var(5),'NTYPE'),var(14))),
	cf(1,eq(attr(var(5),'SPEC'),var(15))),
	cf(1,eq(attr(var(5),'NUM'),'sg')),
	cf(1,eq(attr(var(5),'PERS'),'3')),
	cf(1,eq(attr(var(11),'PRED'),semform('combat',65,[var(16),var(17)],[]))),
	cf(1,eq(attr(var(11),'SUBJ'),var(16))),
	cf(1,eq(attr(var(11),'OBJ'),var(17))),
	cf(1,eq(attr(var(11),'CHECK'),var(18))),
	cf(1,eq(attr(var(11),'TNS-ASP'),var(19))),
	cf(1,eq(attr(var(11),'PASSIVE'),'-')),
	cf(1,eq(attr(var(11),'VTYPE'),'main')),
	cf(1,eq(attr(var(16),'PRED'),semform('null_pro',47,[],[]))),
	cf(1,eq(attr(var(16),'NTYPE'),var(20))),
	cf(1,eq(attr(var(16),'PRON-TYPE'),'null')),
	cf(1,eq(attr(var(20),'NSYN'),'pronoun')),
	cf(1,eq(attr(var(17),'PRED'),semform('phenomenon',71,[],[]))),
	cf(1,eq(attr(var(17),'CHECK'),var(21))),
	cf(1,eq(attr(var(17),'NTYPE'),var(22))),
	cf(1,eq(attr(var(17),'SPEC'),var(23))),
	cf(1,eq(attr(var(17),'CASE'),'obl')),
	cf(1,eq(attr(var(17),'NUM'),'sg')),
	cf(1,eq(attr(var(17),'PERS'),'3')),
	cf(1,eq(attr(var(21),'_LEX-SOURCE'),'countnoun-lex')),
	cf(1,eq(attr(var(22),'NSEM'),var(24))),
	cf(1,eq(attr(var(22),'NSYN'),'common')),
	cf(1,eq(attr(var(24),'COMMON'),'count')),
	cf(1,eq(attr(var(23),'DET'),var(25))),
	cf(1,eq(attr(var(25),'PRED'),semform('this',70,[],[]))),
	cf(1,eq(attr(var(25),'DEIXIS'),'proximal')),
	cf(1,eq(attr(var(25),'DET-TYPE'),'demon')),
	cf(1,eq(attr(var(18),'_INF-TYPE'),'to')),
	cf(1,eq(attr(var(18),'_SUBCAT-FRAME'),'V-SUBJ-OBJ')),
	cf(1,eq(attr(var(19),'PERF'),'-_')),
	cf(1,eq(attr(var(19),'PROG'),'-_')),
	cf(1,in_set(var(26),var(12))),
	cf(1,eq(attr(var(26),'PRED'),semform('good',30,[],[]))),
	cf(1,eq(attr(var(26),'ADJUNCT'),var(27))),
	cf(1,eq(attr(var(26),'CHECK'),var(28))),
	cf(1,eq(attr(var(26),'ATYPE'),'attributive')),
	cf(1,eq(attr(var(26),'DEG-DIM'),'pos')),
	cf(1,eq(attr(var(26),'DEGREE'),'superlative')),
	cf(1,in_set(var(29),var(27))),
	cf(1,eq(attr(var(29),'PRED'),semform('most',45,[],[]))),
	cf(1,eq(attr(var(29),'ADJUNCT-TYPE'),'degree')),
	cf(1,eq(attr(var(29),'DEGREE'),'positive')),
	cf(1,eq(attr(var(28),'_DEG-TYPE'),'synthetic')),
	cf(1,eq(attr(var(13),'_SUBCAT-FRAME'),'NOUN-XCOMP')),
	cf(1,eq(attr(var(14),'NSYN'),'common')),
	cf(1,eq(attr(var(15),'DET'),var(30))),
	cf(1,eq(attr(var(30),'PRED'),semform('the',28,[],[]))),
	cf(1,eq(attr(var(30),'DET-TYPE'),'def')),
	cf(1,in_set(var(31),var(7))),
	cf(1,eq(attr(var(31),'PRED'),semform('not',27,[],[]))),
	cf(1,eq(attr(var(31),'ADJUNCT-TYPE'),'neg')),
	cf(1,eq(attr(var(8),'_SUBCAT-FRAME'),'V-SUBJexpl-XCOMPPRED')),
	cf(1,eq(attr(var(9),'MOOD'),'indicative')),
	cf(1,eq(attr(var(9),'PERF'),'-_')),
	cf(1,eq(attr(var(9),'PROG'),'-_')),
	cf(1,eq(attr(var(9),'TENSE'),'pres')),
	cf(1,eq(proj(var(32),'o::'),var(33))),
	cf(1,in_set('Fragment',var(33))),
	cf(1,in_set('NpProperReal',var(33))),
	cf(1,eq(proj(var(34),'o::'),var(35))),
	cf(1,in_set('Fragment',var(35))),
	cf(1,eq(proj(var(36),'o::'),var(37))),
	cf(1,in_set('XcompInf',var(37))),
	cf(1,eq(proj(var(38),'o::'),var(39))),
	cf(1,in_set('GenExtraPunct',var(39))),
	cf(1,eq(proj(var(40),'o::'),var(41))),
	cf(1,in_set('Xcomp',var(41))),
	cf(1,eq(proj(var(42),'o::'),var(43))),
	cf(1,in_set('GenGoodPunct',var(43))),
	cf(1,eq(proj(var(44),'o::'),var(45))),
	cf(1,in_set('SentNeg',var(45))),
	cf(1,eq(proj(var(46),'o::'),var(47))),
	cf(1,in_set('ThatPronoun',var(47)))
	],
	% C-Structure:
	[
	cf(1,subtree(5904,'*TOP*',-,4847)),
	cf(1,phi(5904,var(0))),
	cf(1,subtree(4847,'FRAGMENTS',4408,4845)),
	cf(1,phi(4847,var(0))),
	cf(1,subtree(4408,'FRAGMENTS',-,4139)),
	cf(1,phi(4408,var(0))),
	cf(1,cproj(4408,var(32))),
	cf(1,subtree(4139,'NP',-,4098)),
	cf(1,phi(4139,var(1))),
	cf(1,subtree(4098,'NPadj',-,527)),
	cf(1,phi(4098,var(1))),
	cf(1,subtree(527,'NPzero',-,50)),
	cf(1,phi(527,var(1))),
	cf(1,subtree(50,'N',-,1)),
	cf(1,phi(50,var(1))),
	cf(1,cproj(50,var(46))),
	cf(1,terminal(1,'that',[1])),
	cf(1,phi(1,var(1))),
	cf(1,cproj(1,var(46))),
	cf(1,subtree(4845,'FRAGMENTS',4425,4689)),
	cf(1,phi(4845,var(2))),
	cf(1,cproj(4845,var(38))),
	cf(1,subtree(4425,'FRAGMENTS',-,3467)),
	cf(1,phi(4425,var(2))),
	cf(1,cproj(4425,var(34))),
	cf(1,subtree(3467,'Sadj[fin]',-,3184)),
	cf(1,phi(3467,var(4))),
	cf(1,subtree(3184,'S[fin]',866,3180)),
	cf(1,phi(3184,var(4))),
	cf(1,subtree(866,'S[fin]',-,563)),
	cf(1,phi(866,var(4))),
	cf(1,subtree(563,'NP',-,82)),
	cf(1,phi(563,var(6))),
	cf(1,subtree(82,'PRON',-,51)),
	cf(1,phi(82,var(6))),
	cf(1,terminal(51,'this',[51])),
	cf(1,phi(51,var(6))),
	cf(1,subtree(3180,'VPall[fin]',-,2863)),
	cf(1,phi(3180,var(4))),
	cf(1,subtree(2863,'VPcop[fin]',2878,2440)),
	cf(1,phi(2863,var(4))),
	cf(1,subtree(2878,'VPcop[fin]',2852,110)),
	cf(1,phi(2878,var(4))),
	cf(1,cproj(2878,var(44))),
	cf(1,subtree(2852,'VPcop[fin]',-,86)),
	cf(1,phi(2852,var(4))),
	cf(1,subtree(86,'Vcop[fin]',-,83)),
	cf(1,phi(86,var(4))),
	cf(1,terminal(83,'is',[83])),
	cf(1,phi(83,var(4))),
	cf(1,subtree(110,'NEG[full]',-,104)),
	cf(1,phi(110,var(31))),
	cf(1,terminal(104,'not',[104])),
	cf(1,phi(104,var(31))),
	cf(1,subtree(2440,'NP',972,2435)),
	cf(1,phi(2440,var(5))),
	cf(1,subtree(972,'NP',-,967)),
	cf(1,phi(972,var(5))),
	cf(1,subtree(967,'D',966,114)),
	cf(1,phi(967,var(5))),
	cf(1,subtree(966,'D',965,116)),
	cf(1,phi(966,var(5))),
	cf(1,subtree(965,'D',964,118)),
	cf(1,phi(965,var(5))),
	cf(1,subtree(964,'D',963,120)),
	cf(1,phi(964,var(5))),
	cf(1,subtree(963,'D',-,122)),
	cf(1,phi(963,var(5))),
	cf(1,subtree(122,'D_BASE',-,123)),
	cf(1,phi(122,var(5))),
	cf(1,terminal(123,'the',[111])),
	cf(1,phi(123,var(5))),
	cf(1,subtree(120,'D_SFX_BASE',-,121)),
	cf(1,phi(120,var(5))),
	cf(1,terminal(121,'+Det',[111])),
	cf(1,phi(121,var(5))),
	cf(1,subtree(118,'D_TYPE_SFX_BASE',-,119)),
	cf(1,phi(118,var(5))),
	cf(1,terminal(119,'+Art',[111])),
	cf(1,phi(119,var(5))),
	cf(1,subtree(116,'DEF_SFX_BASE',-,117)),
	cf(1,phi(116,var(5))),
	cf(1,terminal(117,'+Def',[111])),
	cf(1,phi(117,var(5))),
	cf(1,subtree(114,'DNUM_SFX_BASE',-,113)),
	cf(1,phi(114,var(5))),
	cf(1,terminal(113,'+SP',[111])),
	cf(1,phi(113,var(5))),
	cf(1,subtree(2435,'NPadj',2431,2237)),
	cf(1,phi(2435,var(5))),
	cf(1,cproj(2435,var(36))),
	cf(1,subtree(2431,'NPadj',2662,1178)),
	cf(1,phi(2431,var(5))),
	cf(1,subtree(2662,'NPadj',-,2654)),
	cf(1,phi(2662,var(5))),
	cf(1,subtree(2654,'AP[attr]',-,2648)),
	cf(1,phi(2654,var(26))),
	cf(1,subtree(2648,'A',2647,129)),
	cf(1,phi(2648,var(26))),
	cf(1,subtree(2647,'A',2642,133)),
	cf(1,phi(2647,var(26))),
	cf(1,subtree(2642,'A',-,134)),
	cf(1,phi(2642,var(26))),
	cf(1,subtree(134,'A_BASE',-,135)),
	cf(1,phi(134,var(26))),
	cf(1,terminal(135,'good',[126])),
	cf(1,phi(135,var(26))),
	cf(1,subtree(133,'A_SFX_BASE',-,132)),
	cf(1,phi(133,var(26))),
	cf(1,terminal(132,'+Adj',[126])),
	cf(1,phi(132,var(26))),
	cf(1,subtree(129,'DEG_SFX_BASE',-,130)),
	cf(1,phi(129,var(26))),
	cf(1,cproj(129,var(42))),
	cf(1,terminal(130,'+Sup',[126])),
	cf(1,phi(130,var(26))),
	cf(1,cproj(130,var(42))),
	cf(1,subtree(1178,'NPzero',-,1172)),
	cf(1,phi(1178,var(5))),
	cf(1,subtree(1172,'N',1171,188)),
	cf(1,phi(1172,var(5))),
	cf(1,subtree(1171,'N',1163,192)),
	cf(1,phi(1171,var(5))),
	cf(1,subtree(1163,'N',-,193)),
	cf(1,phi(1163,var(5))),
	cf(1,subtree(193,'N_BASE',-,194)),
	cf(1,phi(193,var(5))),
	cf(1,cproj(193,var(40))),
	cf(1,terminal(194,'way',[184])),
	cf(1,phi(194,var(5))),
	cf(1,cproj(194,var(40))),
	cf(1,subtree(192,'N_SFX_BASE',-,191)),
	cf(1,phi(192,var(5))),
	cf(1,terminal(191,'+Noun',[184])),
	cf(1,phi(191,var(5))),
	cf(1,subtree(188,'NNUM_SFX_BASE',-,186)),
	cf(1,phi(188,var(5))),
	cf(1,terminal(186,'+Sg',[184])),
	cf(1,phi(186,var(5))),
	cf(1,subtree(2237,'VPinf',2065,2233)),
	cf(1,phi(2237,var(11))),
	cf(1,subtree(2065,'VPinf',-,219)),
	cf(1,phi(2065,var(11))),
	cf(1,subtree(219,'PARTinf',-,210)),
	cf(1,phi(219,var(11))),
	cf(1,terminal(210,'to',[210])),
	cf(1,phi(210,var(11))),
	cf(1,subtree(2233,'VPall[base]',-,2097)),
	cf(1,phi(2233,var(11))),
	cf(1,subtree(2097,'VPv[base]',2092,1774)),
	cf(1,phi(2097,var(11))),
	cf(1,subtree(2092,'VPv[base]',-,2085)),
	cf(1,phi(2092,var(11))),
	cf(1,subtree(2085,'V[base]',2084,248)),
	cf(1,phi(2085,var(11))),
	cf(1,subtree(2084,'V[base]',2083,249)),
	cf(1,phi(2084,var(11))),
	cf(1,subtree(2083,'V[base]',2082,255)),
	cf(1,phi(2083,var(11))),
	cf(1,subtree(2082,'V[base]',-,233)),
	cf(1,phi(2082,var(11))),
	cf(1,subtree(233,'V_BASE',-,232)),
	cf(1,phi(233,var(11))),
	cf(1,terminal(232,'combat',[222])),
	cf(1,phi(232,var(11))),
	cf(1,subtree(255,'V_SFX_BASE',-,253)),
	cf(1,phi(255,var(11))),
	cf(1,terminal(253,'+Verb',[222])),
	cf(1,phi(253,var(11))),
	cf(1,subtree(249,'VPREBASE_SFX_BASE',-,250)),
	cf(1,phi(249,var(11))),
	cf(1,terminal(250,'+Pres',[222])),
	cf(1,phi(250,var(11))),
	cf(1,subtree(248,'VBASE_SFX_BASE',-,247)),
	cf(1,phi(248,var(11))),
	cf(1,terminal(247,'+Non3sg',[222])),
	cf(1,phi(247,var(11))),
	cf(1,subtree(1774,'NP',1772,1709)),
	cf(1,phi(1774,var(17))),
	cf(1,subtree(1772,'NP',-,1767)),
	cf(1,phi(1772,var(17))),
	cf(1,subtree(1767,'D',1766,280)),
	cf(1,phi(1767,var(17))),
	cf(1,subtree(1766,'D',1765,281)),
	cf(1,phi(1766,var(17))),
	cf(1,subtree(1765,'D',1764,286)),
	cf(1,phi(1765,var(17))),
	cf(1,subtree(1764,'D',-,261)),
	cf(1,phi(1764,var(17))),
	cf(1,subtree(261,'D_BASE',-,262)),
	cf(1,phi(261,var(17))),
	cf(1,terminal(262,'this',[258])),
	cf(1,phi(262,var(17))),
	cf(1,subtree(286,'D_SFX_BASE',-,284)),
	cf(1,phi(286,var(17))),
	cf(1,terminal(284,'+DetPron',[258])),
	cf(1,phi(284,var(17))),
	cf(1,subtree(281,'D_TYPE_SFX_BASE',-,282)),
	cf(1,phi(281,var(17))),
	cf(1,terminal(282,'+Dem',[258])),
	cf(1,phi(282,var(17))),
	cf(1,subtree(280,'DNUM_SFX_BASE',-,277)),
	cf(1,phi(280,var(17))),
	cf(1,terminal(277,'+Sg',[258])),
	cf(1,phi(277,var(17))),
	cf(1,subtree(1709,'NPadj',-,1634)),
	cf(1,phi(1709,var(17))),
	cf(1,subtree(1634,'NPzero',-,1504)),
	cf(1,phi(1634,var(17))),
	cf(1,subtree(1504,'N',1503,294)),
	cf(1,phi(1504,var(17))),
	cf(1,subtree(1503,'N',1489,298)),
	cf(1,phi(1503,var(17))),
	cf(1,subtree(1489,'N',-,299)),
	cf(1,phi(1489,var(17))),
	cf(1,subtree(299,'N_BASE',-,300)),
	cf(1,phi(299,var(17))),
	cf(1,terminal(300,'phenomenon',[290])),
	cf(1,phi(300,var(17))),
	cf(1,subtree(298,'N_SFX_BASE',-,297)),
	cf(1,phi(298,var(17))),
	cf(1,terminal(297,'+Noun',[290])),
	cf(1,phi(297,var(17))),
	cf(1,subtree(294,'NNUM_SFX_BASE',-,292)),
	cf(1,phi(294,var(17))),
	cf(1,terminal(292,'+Sg',[290])),
	cf(1,phi(292,var(17))),
	cf(1,subtree(4689,'FRAG-PUNCT',-,350)),
	cf(1,phi(4689,var(2))),
	cf(1,subtree(350,'PERIOD',-,316)),
	cf(1,phi(350,var(2))),
	cf(1,terminal(316,'.',[316])),
	cf(1,phi(316,var(2))),
	cf(1,semform_data(0,50,1,5)),
	cf(1,semform_data(9,82,6,10)),
	cf(1,semform_data(18,86,11,13)),
	cf(1,semform_data(27,110,14,17)),
	cf(1,semform_data(28,122,18,21)),
	cf(1,semform_data(30,134,22,26)),
	cf(1,semform_data(45,129,22,26)),
	cf(1,semform_data(46,193,27,30)),
	cf(1,semform_data(47,193,27,30)),
	cf(1,semform_data(65,233,34,40)),
	cf(1,semform_data(70,261,41,45)),
	cf(1,semform_data(71,299,46,56)),
	cf(1,fspan(var(2),6,59)),
	cf(1,fspan(var(1),1,5)),
	cf(1,fspan(var(4),6,56)),
	cf(1,fspan(var(6),6,10)),
	cf(1,fspan(var(5),18,56)),
	cf(1,fspan(var(31),14,17)),
	cf(1,fspan(var(11),31,56)),
	cf(1,fspan(var(26),22,26)),
	cf(1,fspan(var(17),41,56)),
	cf(1,fspan(var(2),57,59)),
	cf(1,surfaceform(1,'that',1,5)),
	cf(1,surfaceform(51,'this',6,10)),
	cf(1,surfaceform(83,'is',11,13)),
	cf(1,surfaceform(104,'not',14,17)),
	cf(1,surfaceform(111,'the',18,21)),
	cf(1,surfaceform(126,'best',22,26)),
	cf(1,surfaceform(184,'way',27,30)),
	cf(1,surfaceform(210,'to',31,33)),
	cf(1,surfaceform(222,'combat',34,40)),
	cf(1,surfaceform(258,'this',41,45)),
	cf(1,surfaceform(290,'phenomenon',46,56)),
	cf(1,surfaceform(316,'.',57,59))
	]).
