% -*- coding: utf-8 -*-

fstructure('Ben-Hur , . ',
	% Properties:
	[
	'markup_free_sentence'('Ben-Hur , . '),
	'xle_version'('XLE release of Dec 19, 2011 11:56.'),
	'grammar'('./english/english.lfg'),
	'grammar_date'('Sep 27, 2012 11:53'),
	'grammar_version'('english-2007-06-11'),
	'statistics'('*3+133 solutions, 0.020 CPU seconds, 2.113MB max mem, 163 subtrees unified'),
	'rootcategory'('FRAGMENTS'),
	'hostname'('cfilt-desktop')
	],
	% Choices:
	[
	
	],
	% Equivalences:
	[
	
	],
	% Constraints:
	[
	cf(1,eq(attr(var(0),'FIRST'),var(1))),
	cf(1,eq(attr(var(1),'PRED'),semform('ben-hur',0,[],[]))),
	cf(1,eq(attr(var(1),'CHECK'),var(2))),
	cf(1,eq(attr(var(1),'NTYPE'),var(3))),
	cf(1,eq(attr(var(1),'NUM'),'sg')),
	cf(1,eq(attr(var(1),'PERS'),'3')),
	cf(1,eq(attr(var(2),'_LEX-SOURCE'),'guesser')),
	cf(1,eq(attr(var(3),'NSYN'),'common')),
	cf(1,eq(proj(var(4),'o::'),var(5))),
	cf(1,in_set('GenExtraPunct',var(5))),
	cf(1,eq(proj(var(6),'o::'),var(7))),
	cf(1,in_set('GenExtraPunct',var(7))),
	cf(1,eq(proj(var(8),'o::'),var(9))),
	cf(1,in_set('Fragment',var(9))),
	cf(1,in_set('NpProperReal',var(9))),
	cf(1,eq(proj(var(10),'o::'),var(11))),
	cf(1,in_set('GenMunkForm',var(11))),
	cf(1,in_set('MunkForm',var(11))),
	cf(1,eq(proj(var(12),'o::'),var(13))),
	cf(1,in_set('GuessedNoun',var(13)))
	],
	% C-Structure:
	[
	cf(1,subtree(2591,'FRAGMENTS',3454,2440)),
	cf(1,phi(2591,var(0))),
	cf(1,cproj(2591,var(4))),
	cf(1,subtree(3454,'FRAGMENTS',2358,2433)),
	cf(1,phi(3454,var(0))),
	cf(1,cproj(3454,var(6))),
	cf(1,subtree(2358,'FRAGMENTS',-,2141)),
	cf(1,phi(2358,var(0))),
	cf(1,cproj(2358,var(8))),
	cf(1,subtree(2141,'NP',-,2126)),
	cf(1,phi(2141,var(1))),
	cf(1,subtree(2126,'NPadj',-,2296)),
	cf(1,phi(2126,var(1))),
	cf(1,subtree(2296,'NPzero',-,1824)),
	cf(1,phi(2296,var(1))),
	cf(1,subtree(1824,'N',1234,4)),
	cf(1,phi(1824,var(1))),
	cf(1,cproj(1824,var(12))),
	cf(1,subtree(1234,'N',1231,66)),
	cf(1,phi(1234,var(1))),
	cf(1,subtree(1231,'N',1215,70)),
	cf(1,phi(1231,var(1))),
	cf(1,subtree(1215,'N',-,76)),
	cf(1,phi(1215,var(1))),
	cf(1,subtree(76,'N_BASE',-,72)),
	cf(1,phi(76,var(1))),
	cf(1,terminal(72,'ben-hur',[62])),
	cf(1,phi(72,var(1))),
	cf(1,subtree(70,'N_SFX_BASE',-,69)),
	cf(1,phi(70,var(1))),
	cf(1,terminal(69,'+Noun',[62])),
	cf(1,phi(69,var(1))),
	cf(1,subtree(66,'NNUM_SFX_BASE',-,64)),
	cf(1,phi(66,var(1))),
	cf(1,terminal(64,'+Sg',[62])),
	cf(1,phi(64,var(1))),
	cf(1,subtree(4,'GUESSED_SFX_BASE',-,3)),
	cf(1,phi(4,var(1))),
	cf(1,cproj(4,var(10))),
	cf(1,terminal(3,'+Guessed',[62])),
	cf(1,phi(3,var(1))),
	cf(1,cproj(3,var(10))),
	cf(1,subtree(2433,'FRAG-PUNCT',-,229)),
	cf(1,phi(2433,var(0))),
	cf(1,subtree(229,'COMMA',-,195)),
	cf(1,phi(229,var(0))),
	cf(1,terminal(195,',',[195])),
	cf(1,phi(195,var(0))),
	cf(1,subtree(2440,'FRAG-PUNCT',-,264)),
	cf(1,phi(2440,var(0))),
	cf(1,subtree(264,'PERIOD',-,230)),
	cf(1,phi(264,var(0))),
	cf(1,terminal(230,'.',[230])),
	cf(1,phi(230,var(0))),
	cf(1,semform_data(0,76,1,8)),
	cf(1,fspan(var(0),1,13)),
	cf(1,fspan(var(1),1,8)),
	cf(1,fspan(var(0),9,10)),
	cf(1,surfaceform(62,'^^ ben-hur',1,8)),
	cf(1,surfaceform(195,',',9,10)),
	cf(1,surfaceform(230,'.',11,13))
	]).
