% -*- coding: utf-8 -*-

fstructure('CharltonXYZHeston in the title role . ',
	% Properties:
	[
	'markup_free_sentence'('CharltonXYZHeston in the title role . '),
	'xle_version'('XLE release of Dec 19, 2011 11:56.'),
	'grammar'('./english/english.lfg'),
	'grammar_date'('Sep 27, 2012 11:53'),
	'grammar_version'('english-2007-06-11'),
	'statistics'('3 solutions, 0.020 CPU seconds, 1.535MB max mem, 72 subtrees unified'),
	'rootcategory'('ROOT'),
	'hostname'('cfilt-desktop')
	],
	% Choices:
	[
	
	],
	% Equivalences:
	[
	
	],
	% Constraints:
	[
	cf(1,eq(attr(var(0),'PRED'),semform('charltonxyzheston',0,[],[]))),
	cf(1,eq(attr(var(0),'ADJUNCT'),var(1))),
	cf(1,eq(attr(var(0),'CHECK'),var(2))),
	cf(1,eq(attr(var(0),'NTYPE'),var(3))),
	cf(1,eq(attr(var(0),'NUM'),'sg')),
	cf(1,eq(attr(var(0),'PERS'),'3')),
	cf(1,eq(attr(var(0),'STMT-TYPE'),'header')),
	cf(1,in_set(var(4),var(1))),
	cf(1,eq(attr(var(4),'PRED'),semform('in',5,[var(5)],[]))),
	cf(1,eq(attr(var(4),'OBJ'),var(5))),
	cf(1,eq(attr(var(4),'PSEM'),var(6))),
	cf(1,eq(attr(var(4),'PTYPE'),'sem')),
	cf(1,eq(attr(var(5),'PRED'),semform('role',8,[],[]))),
	cf(1,eq(attr(var(5),'MOD'),var(7))),
	cf(1,eq(attr(var(5),'CHECK'),var(8))),
	cf(1,eq(attr(var(5),'NTYPE'),var(9))),
	cf(1,eq(attr(var(5),'SPEC'),var(10))),
	cf(1,eq(attr(var(5),'CASE'),'obl')),
	cf(1,eq(attr(var(5),'NUM'),'sg')),
	cf(1,eq(attr(var(5),'PERS'),'3')),
	cf(1,in_set(var(11),var(7))),
	cf(1,eq(attr(var(11),'PRED'),semform('title',7,[],[]))),
	cf(1,eq(attr(var(11),'CHECK'),var(12))),
	cf(1,eq(attr(var(11),'NTYPE'),var(13))),
	cf(1,eq(attr(var(11),'NUM'),'sg')),
	cf(1,eq(attr(var(11),'PERS'),'3')),
	cf(1,eq(attr(var(12),'_LEX-SOURCE'),'morphology')),
	cf(1,eq(attr(var(13),'NSYN'),'common')),
	cf(1,eq(attr(var(8),'_LEX-SOURCE'),'countnoun-lex')),
	cf(1,eq(attr(var(9),'NSEM'),var(14))),
	cf(1,eq(attr(var(9),'NSYN'),'common')),
	cf(1,eq(attr(var(14),'COMMON'),'count')),
	cf(1,eq(attr(var(10),'DET'),var(15))),
	cf(1,eq(attr(var(15),'PRED'),semform('the',6,[],[]))),
	cf(1,eq(attr(var(15),'DET-TYPE'),'def')),
	cf(1,in_set('loc',var(6))),
	cf(1,eq(attr(var(2),'_LEX-SOURCE'),'guesser')),
	cf(1,eq(attr(var(3),'NSYN'),'common')),
	cf(1,eq(proj(var(16),'o::'),var(17))),
	cf(1,in_set('HeaderPunct',var(17))),
	cf(1,eq(proj(var(18),'o::'),var(19))),
	cf(1,in_set('AdjunctPPinNP',var(19))),
	cf(1,eq(proj(var(20),'o::'),var(21))),
	cf(1,in_set('GenMunkForm',var(21))),
	cf(1,in_set('MunkForm',var(21))),
	cf(1,eq(proj(var(22),'o::'),var(23))),
	cf(1,in_set('GuessedNoun',var(23)))
	],
	% C-Structure:
	[
	cf(1,subtree(1846,'ROOT',1845,188)),
	cf(1,phi(1846,var(0))),
	cf(1,cproj(1846,var(16))),
	cf(1,subtree(1845,'ROOT',-,1829)),
	cf(1,phi(1845,var(0))),
	cf(1,subtree(1829,'HEADER',-,1820)),
	cf(1,phi(1829,var(0))),
	cf(1,subtree(1820,'NP',-,1812)),
	cf(1,phi(1820,var(0))),
	cf(1,subtree(1812,'NPadj',1804,1452)),
	cf(1,phi(1812,var(0))),
	cf(1,cproj(1812,var(18))),
	cf(1,subtree(1804,'NPadj',-,1976)),
	cf(1,phi(1804,var(0))),
	cf(1,subtree(1976,'NPzero',-,695)),
	cf(1,phi(1976,var(0))),
	cf(1,subtree(695,'N',617,4)),
	cf(1,phi(695,var(0))),
	cf(1,cproj(695,var(22))),
	cf(1,subtree(617,'N',614,31)),
	cf(1,phi(617,var(0))),
	cf(1,subtree(614,'N',598,35)),
	cf(1,phi(614,var(0))),
	cf(1,subtree(598,'N',-,41)),
	cf(1,phi(598,var(0))),
	cf(1,subtree(41,'N_BASE',-,37)),
	cf(1,phi(41,var(0))),
	cf(1,terminal(37,'charltonxyzheston',[27])),
	cf(1,phi(37,var(0))),
	cf(1,subtree(35,'N_SFX_BASE',-,34)),
	cf(1,phi(35,var(0))),
	cf(1,terminal(34,'+Noun',[27])),
	cf(1,phi(34,var(0))),
	cf(1,subtree(31,'NNUM_SFX_BASE',-,29)),
	cf(1,phi(31,var(0))),
	cf(1,terminal(29,'+Sg',[27])),
	cf(1,phi(29,var(0))),
	cf(1,subtree(4,'GUESSED_SFX_BASE',-,3)),
	cf(1,phi(4,var(0))),
	cf(1,cproj(4,var(20))),
	cf(1,terminal(3,'+Guessed',[27])),
	cf(1,phi(3,var(0))),
	cf(1,cproj(3,var(20))),
	cf(1,subtree(1452,'PP',749,1275)),
	cf(1,phi(1452,var(4))),
	cf(1,subtree(749,'PP',-,721)),
	cf(1,phi(749,var(4))),
	cf(1,subtree(721,'P',720,73)),
	cf(1,phi(721,var(4))),
	cf(1,subtree(720,'P',-,66)),
	cf(1,phi(720,var(4))),
	cf(1,subtree(66,'P_BASE',-,65)),
	cf(1,phi(66,var(4))),
	cf(1,terminal(65,'in',[55])),
	cf(1,phi(65,var(4))),
	cf(1,subtree(73,'P_SFX_BASE',-,74)),
	cf(1,phi(73,var(4))),
	cf(1,terminal(74,'+Prep',[55])),
	cf(1,phi(74,var(4))),
	cf(1,subtree(1275,'NP',868,1269)),
	cf(1,phi(1275,var(5))),
	cf(1,subtree(868,'NP',-,863)),
	cf(1,phi(868,var(5))),
	cf(1,subtree(863,'D',862,80)),
	cf(1,phi(863,var(5))),
	cf(1,subtree(862,'D',861,82)),
	cf(1,phi(862,var(5))),
	cf(1,subtree(861,'D',860,84)),
	cf(1,phi(861,var(5))),
	cf(1,subtree(860,'D',859,86)),
	cf(1,phi(860,var(5))),
	cf(1,subtree(859,'D',-,88)),
	cf(1,phi(859,var(5))),
	cf(1,subtree(88,'D_BASE',-,89)),
	cf(1,phi(88,var(5))),
	cf(1,terminal(89,'the',[77])),
	cf(1,phi(89,var(5))),
	cf(1,subtree(86,'D_SFX_BASE',-,87)),
	cf(1,phi(86,var(5))),
	cf(1,terminal(87,'+Det',[77])),
	cf(1,phi(87,var(5))),
	cf(1,subtree(84,'D_TYPE_SFX_BASE',-,85)),
	cf(1,phi(84,var(5))),
	cf(1,terminal(85,'+Art',[77])),
	cf(1,phi(85,var(5))),
	cf(1,subtree(82,'DEF_SFX_BASE',-,83)),
	cf(1,phi(82,var(5))),
	cf(1,terminal(83,'+Def',[77])),
	cf(1,phi(83,var(5))),
	cf(1,subtree(80,'DNUM_SFX_BASE',-,79)),
	cf(1,phi(80,var(5))),
	cf(1,terminal(79,'+SP',[77])),
	cf(1,phi(79,var(5))),
	cf(1,subtree(1269,'NPadj',-,1264)),
	cf(1,phi(1269,var(5))),
	cf(1,subtree(1264,'NPzero',1257,1054)),
	cf(1,phi(1264,var(5))),
	cf(1,subtree(1257,'NPzero',-,953)),
	cf(1,phi(1257,var(5))),
	cf(1,subtree(953,'Nmod',-,938)),
	cf(1,phi(953,var(11))),
	cf(1,subtree(938,'N',937,96)),
	cf(1,phi(938,var(11))),
	cf(1,subtree(937,'N',921,100)),
	cf(1,phi(937,var(11))),
	cf(1,subtree(921,'N',-,106)),
	cf(1,phi(921,var(11))),
	cf(1,subtree(106,'N_BASE',-,102)),
	cf(1,phi(106,var(11))),
	cf(1,terminal(102,'title',[92])),
	cf(1,phi(102,var(11))),
	cf(1,subtree(100,'N_SFX_BASE',-,99)),
	cf(1,phi(100,var(11))),
	cf(1,terminal(99,'+Noun',[92])),
	cf(1,phi(99,var(11))),
	cf(1,subtree(96,'NNUM_SFX_BASE',-,94)),
	cf(1,phi(96,var(11))),
	cf(1,terminal(94,'+Sg',[92])),
	cf(1,phi(94,var(11))),
	cf(1,subtree(1054,'N',1053,132)),
	cf(1,phi(1054,var(5))),
	cf(1,subtree(1053,'N',1045,136)),
	cf(1,phi(1053,var(5))),
	cf(1,subtree(1045,'N',-,137)),
	cf(1,phi(1045,var(5))),
	cf(1,subtree(137,'N_BASE',-,138)),
	cf(1,phi(137,var(5))),
	cf(1,terminal(138,'role',[128])),
	cf(1,phi(138,var(5))),
	cf(1,subtree(136,'N_SFX_BASE',-,135)),
	cf(1,phi(136,var(5))),
	cf(1,terminal(135,'+Noun',[128])),
	cf(1,phi(135,var(5))),
	cf(1,subtree(132,'NNUM_SFX_BASE',-,130)),
	cf(1,phi(132,var(5))),
	cf(1,terminal(130,'+Sg',[128])),
	cf(1,phi(130,var(5))),
	cf(1,subtree(188,'PERIOD',-,154)),
	cf(1,phi(188,var(0))),
	cf(1,terminal(154,'.',[154])),
	cf(1,phi(154,var(0))),
	cf(1,semform_data(0,41,1,18)),
	cf(1,semform_data(5,66,19,21)),
	cf(1,semform_data(6,88,22,25)),
	cf(1,semform_data(7,106,26,31)),
	cf(1,semform_data(8,137,32,36)),
	cf(1,fspan(var(0),1,39)),
	cf(1,fspan(var(4),19,36)),
	cf(1,fspan(var(5),22,36)),
	cf(1,fspan(var(11),26,31)),
	cf(1,surfaceform(27,'^^ charltonxyzheston',1,18)),
	cf(1,surfaceform(55,'in',19,21)),
	cf(1,surfaceform(77,'the',22,25)),
	cf(1,surfaceform(92,'title',26,31)),
	cf(1,surfaceform(128,'role',32,36)),
	cf(1,surfaceform(154,'.',37,39))
	]).
