% -*- coding: utf-8 -*-

fstructure('10p; 14 US cents . ',
	% Properties:
	[
	'markup_free_sentence'('10p; 14 US cents . '),
	'xle_version'('XLE release of Dec 19, 2011 11:56.'),
	'grammar'('./english/english.lfg'),
	'grammar_date'('Sep 27, 2012 11:53'),
	'grammar_version'('english-2007-06-11'),
	'statistics'('*4+968 solutions, 0.030 CPU seconds, 2.032MB max mem, 274 subtrees unified'),
	'rootcategory'('FRAGMENTS'),
	'hostname'('cfilt-desktop')
	],
	% Choices:
	[
	
	],
	% Equivalences:
	[
	
	],
	% Constraints:
	[
	cf(1,eq(attr(var(0),'FIRST'),var(1))),
	cf(1,eq(attr(var(0),'REST'),var(2))),
	cf(1,eq(attr(var(1),'TOKEN'),'10p;')),
	cf(1,eq(attr(var(2),'FIRST'),var(3))),
	cf(1,eq(attr(var(3),'PRED'),semform('cent',18,[],[]))),
	cf(1,eq(attr(var(3),'MOD'),var(4))),
	cf(1,eq(attr(var(3),'CHECK'),var(5))),
	cf(1,eq(attr(var(3),'NTYPE'),var(6))),
	cf(1,eq(attr(var(3),'SPEC'),var(7))),
	cf(1,eq(attr(var(3),'NUM'),'pl')),
	cf(1,eq(attr(var(3),'PERS'),'3')),
	cf(1,in_set(var(8),var(4))),
	cf(1,eq(attr(var(8),'PRED'),semform('United States of America',9,[],[]))),
	cf(1,eq(attr(var(8),'CHECK'),var(9))),
	cf(1,eq(attr(var(8),'NTYPE'),var(10))),
	cf(1,eq(attr(var(8),'NUM'),'sg')),
	cf(1,eq(attr(var(8),'PERS'),'3')),
	cf(1,eq(attr(var(9),'_LEX-SOURCE'),'morphology')),
	cf(1,eq(attr(var(10),'CHECK'),var(11))),
	cf(1,eq(attr(var(10),'NSEM'),var(12))),
	cf(1,eq(attr(var(10),'NSYN'),'proper')),
	cf(1,eq(attr(var(11),'_ABBREV'),'+')),
	cf(1,eq(attr(var(12),'PROPER'),var(13))),
	cf(1,eq(attr(var(13),'LOCATION-TYPE'),'country')),
	cf(1,eq(attr(var(13),'PROPER-TYPE'),'location')),
	cf(1,eq(attr(var(5),'_LEX-SOURCE'),'countnoun-lex')),
	cf(1,eq(attr(var(6),'NSEM'),var(14))),
	cf(1,eq(attr(var(6),'NSYN'),'common')),
	cf(1,eq(attr(var(14),'COMMON'),'count')),
	cf(1,eq(attr(var(7),'NUMBER'),var(15))),
	cf(1,eq(attr(var(15),'PRED'),semform('14',6,[],[]))),
	cf(1,eq(attr(var(15),'CHECK'),var(16))),
	cf(1,eq(attr(var(15),'NUMBER-TYPE'),'card')),
	cf(1,eq(attr(var(16),'_LEX-SOURCE'),'morphology')),
	cf(1,eq(attr(var(16),'_NUMBER-MORPH'),'digit')),
	cf(1,eq(proj(var(17),'o::'),var(18))),
	cf(1,in_set('Fragment',var(18))),
	cf(1,in_set('NpProperReal',var(18))),
	cf(1,eq(proj(var(19),'o::'),var(20))),
	cf(1,in_set('Fragment',var(20))),
	cf(1,in_set('Token',var(20))),
	cf(1,eq(proj(var(21),'o::'),var(22))),
	cf(1,in_set('GenExtraPunct',var(22))),
	cf(1,eq(proj(var(23),'o::'),var(24))),
	cf(1,in_set('GenAbbr',var(24)))
	],
	% C-Structure:
	[
	cf(1,subtree(1880,'FRAGMENTS',1384,3152)),
	cf(1,phi(1880,var(0))),
	cf(1,subtree(1384,'FRAGMENTS',-,3)),
	cf(1,phi(1384,var(0))),
	cf(1,cproj(1384,var(19))),
	cf(1,subtree(3,'TOKEN',-,1)),
	cf(1,phi(3,var(1))),
	cf(1,terminal(1,'10p;',[1])),
	cf(1,phi(1,var(1))),
	cf(1,subtree(3152,'FRAGMENTS',3634,1724)),
	cf(1,phi(3152,var(2))),
	cf(1,cproj(3152,var(21))),
	cf(1,subtree(3634,'FRAGMENTS',-,3629)),
	cf(1,phi(3634,var(2))),
	cf(1,cproj(3634,var(17))),
	cf(1,subtree(3629,'NP',-,3625)),
	cf(1,phi(3629,var(3))),
	cf(1,subtree(3625,'NPadj',3567,3320)),
	cf(1,phi(3625,var(3))),
	cf(1,subtree(3567,'NPadj',-,3522)),
	cf(1,phi(3567,var(3))),
	cf(1,subtree(3522,'NUMBERP',-,3514)),
	cf(1,phi(3522,var(15))),
	cf(1,subtree(3514,'NUMBER',3513,352)),
	cf(1,phi(3514,var(15))),
	cf(1,subtree(3513,'NUMBER',3512,353)),
	cf(1,phi(3513,var(15))),
	cf(1,subtree(3512,'NUMBER',-,359)),
	cf(1,phi(3512,var(15))),
	cf(1,subtree(359,'NUMBER_BASE',-,356)),
	cf(1,phi(359,var(15))),
	cf(1,terminal(356,'14',[329])),
	cf(1,phi(356,var(15))),
	cf(1,subtree(353,'NUM_SFX_BASE',-,354)),
	cf(1,phi(353,var(15))),
	cf(1,terminal(354,'+Dig',[329])),
	cf(1,phi(354,var(15))),
	cf(1,subtree(352,'CARD_SFX_BASE',-,350)),
	cf(1,phi(352,var(15))),
	cf(1,terminal(350,'+Card',[329])),
	cf(1,phi(350,var(15))),
	cf(1,subtree(3320,'NPzero',3350,2140)),
	cf(1,phi(3320,var(3))),
	cf(1,subtree(3350,'NPzero',-,3342)),
	cf(1,phi(3350,var(3))),
	cf(1,subtree(3342,'Nmod',-,3309)),
	cf(1,phi(3342,var(8))),
	cf(1,subtree(3309,'N',3308,181)),
	cf(1,phi(3309,var(8))),
	cf(1,subtree(3308,'N',3307,185)),
	cf(1,phi(3308,var(8))),
	cf(1,subtree(3307,'N',3306,186)),
	cf(1,phi(3307,var(8))),
	cf(1,subtree(3306,'N',3271,188)),
	cf(1,phi(3306,var(8))),
	cf(1,subtree(3271,'N',-,378)),
	cf(1,phi(3271,var(8))),
	cf(1,subtree(378,'N_BASE',-,374)),
	cf(1,phi(378,var(8))),
	cf(1,terminal(374,'United States of America',[370])),
	cf(1,phi(374,var(8))),
	cf(1,subtree(188,'PROP_SFX_BASE',-,189)),
	cf(1,phi(188,var(8))),
	cf(1,terminal(189,'+Prop',[370])),
	cf(1,phi(189,var(8))),
	cf(1,subtree(186,'NAMEKIND_SFX_BASE',-,187)),
	cf(1,phi(186,var(8))),
	cf(1,terminal(187,'+Place',[370])),
	cf(1,phi(187,var(8))),
	cf(1,subtree(185,'NAMETYPE_SFX_BASE',-,184)),
	cf(1,phi(185,var(8))),
	cf(1,terminal(184,'+Country',[370])),
	cf(1,phi(184,var(8))),
	cf(1,subtree(181,'ABBR_SFX_BASE',-,182)),
	cf(1,phi(181,var(8))),
	cf(1,cproj(181,var(23))),
	cf(1,terminal(182,'+Abbr',[370])),
	cf(1,phi(182,var(8))),
	cf(1,cproj(182,var(23))),
	cf(1,subtree(2140,'N',2138,285)),
	cf(1,phi(2140,var(3))),
	cf(1,subtree(2138,'N',2137,263)),
	cf(1,phi(2138,var(3))),
	cf(1,subtree(2137,'N',2121,267)),
	cf(1,phi(2137,var(3))),
	cf(1,subtree(2121,'N',-,268)),
	cf(1,phi(2121,var(3))),
	cf(1,subtree(268,'N_BASE',-,269)),
	cf(1,phi(268,var(3))),
	cf(1,terminal(269,'cent',[254])),
	cf(1,phi(269,var(3))),
	cf(1,subtree(267,'N_SFX_BASE',-,266)),
	cf(1,phi(267,var(3))),
	cf(1,terminal(266,'+Noun',[254])),
	cf(1,phi(266,var(3))),
	cf(1,subtree(263,'MEAS_SFX_BASE',-,264)),
	cf(1,phi(263,var(3))),
	cf(1,terminal(264,'+Currency',[254])),
	cf(1,phi(264,var(3))),
	cf(1,subtree(285,'NNUM_SFX_BASE',-,284)),
	cf(1,phi(285,var(3))),
	cf(1,terminal(284,'+Pl',[254])),
	cf(1,phi(284,var(3))),
	cf(1,subtree(1724,'FRAG-PUNCT',-,326)),
	cf(1,phi(1724,var(2))),
	cf(1,subtree(326,'PERIOD',-,292)),
	cf(1,phi(326,var(2))),
	cf(1,terminal(292,'.',[292])),
	cf(1,phi(292,var(2))),
	cf(1,semform_data(6,359,6,8)),
	cf(1,semform_data(9,378,9,11)),
	cf(1,semform_data(18,268,12,17)),
	cf(1,fspan(var(0),1,20)),
	cf(1,fspan(var(2),6,20)),
	cf(1,fspan(var(1),1,5)),
	cf(1,fspan(var(3),6,17)),
	cf(1,fspan(var(15),6,8)),
	cf(1,fspan(var(8),9,11)),
	cf(1,fspan(var(2),18,20)),
	cf(1,surfaceform(1,'10p;',1,5)),
	cf(1,surfaceform(329,'14',6,8)),
	cf(1,surfaceform(370,'US',9,11)),
	cf(1,surfaceform(254,'cents',12,17)),
	cf(1,surfaceform(292,'.',18,20))
	]).
