% -*- coding: utf-8 -*-

fstructure('mice fed a standard diet .',
	% Properties:
	[
	'markup_free_sentence'('mice fed a standard diet .'),
	'xle_version'('XLE release of Nov 04, 2010 13:29.'),
	'grammar'('./english/english.lfg'),
	'grammar_date'('Jun 21, 2010 12:06'),
	'grammar_version'('english-2007-06-11'),
	'statistics'('2+4 solutions, 0.050 CPU seconds, 1031.610MB max mem, 170 subtrees unified'),
	'rootcategory'('ROOT'),
	'hostname'('cfiltserver')
	],
	% Choices:
	[
	
	],
	% Equivalences:
	[
	
	],
	% Constraints:
	[
	cf(1,eq(attr(var(0),'PRED'),semform('feed',4,[var(1),var(2)],[]))),
	cf(1,eq(attr(var(0),'SUBJ'),var(1))),
	cf(1,eq(attr(var(0),'OBJ'),var(2))),
	cf(1,eq(attr(var(0),'CHECK'),var(3))),
	cf(1,eq(attr(var(0),'TNS-ASP'),var(4))),
	cf(1,eq(attr(var(0),'CLAUSE-TYPE'),'decl')),
	cf(1,eq(attr(var(0),'PASSIVE'),'-')),
	cf(1,eq(attr(var(0),'VTYPE'),'main')),
	cf(1,eq(attr(var(1),'PRED'),semform('mouse',0,[],[]))),
	cf(1,eq(attr(var(1),'CHECK'),var(5))),
	cf(1,eq(attr(var(1),'NTYPE'),var(6))),
	cf(1,eq(attr(var(1),'CASE'),'nom')),
	cf(1,eq(attr(var(1),'NUM'),'pl')),
	cf(1,eq(attr(var(1),'PERS'),'3')),
	cf(1,eq(attr(var(5),'_LEX-SOURCE'),'countnoun-lex')),
	cf(1,eq(attr(var(6),'NSEM'),var(7))),
	cf(1,eq(attr(var(6),'NSYN'),'common')),
	cf(1,eq(attr(var(7),'COMMON'),'count')),
	cf(1,eq(attr(var(2),'PRED'),semform('diet',12,[],[]))),
	cf(1,eq(attr(var(2),'ADJUNCT'),var(8))),
	cf(1,eq(attr(var(2),'CHECK'),var(9))),
	cf(1,eq(attr(var(2),'NTYPE'),var(10))),
	cf(1,eq(attr(var(2),'SPEC'),var(11))),
	cf(1,eq(attr(var(2),'CASE'),'obl')),
	cf(1,eq(attr(var(2),'NUM'),'sg')),
	cf(1,eq(attr(var(2),'PERS'),'3')),
	cf(1,in_set(var(12),var(8))),
	cf(1,eq(attr(var(12),'PRED'),semform('standard',10,[],[]))),
	cf(1,eq(attr(var(12),'ATYPE'),'attributive')),
	cf(1,eq(attr(var(12),'DEGREE'),'positive')),
	cf(1,eq(attr(var(9),'_LEX-SOURCE'),'countnoun-lex')),
	cf(1,eq(attr(var(10),'NSEM'),var(13))),
	cf(1,eq(attr(var(10),'NSYN'),'common')),
	cf(1,eq(attr(var(13),'COMMON'),'count')),
	cf(1,eq(attr(var(11),'DET'),var(14))),
	cf(1,eq(attr(var(14),'PRED'),semform('a',8,[],[]))),
	cf(1,eq(attr(var(14),'DET-TYPE'),'indef')),
	cf(1,eq(attr(var(3),'_SUBCAT-FRAME'),'V-SUBJ-OBJ')),
	cf(1,eq(attr(var(4),'MOOD'),'indicative')),
	cf(1,eq(attr(var(4),'PERF'),'-_')),
	cf(1,eq(attr(var(4),'PROG'),'-_')),
	cf(1,eq(attr(var(4),'TENSE'),'past')),
	cf(1,eq(proj(var(15),'o::'),var(16))),
	cf(1,in_set('ClausePunct',var(16))),
	cf(1,in_set('GenGoodPunct',var(16)))
	],
	% C-Structure:
	[
	cf(1,subtree(1920,'ROOT',1919,281)),
	cf(1,phi(1920,var(0))),
	cf(1,cproj(1920,var(15))),
	cf(1,subtree(1919,'ROOT',-,1937)),
	cf(1,phi(1919,var(0))),
	cf(1,subtree(1937,'Sadj[fin]',-,1949)),
	cf(1,phi(1937,var(0))),
	cf(1,subtree(1949,'S[fin]',2797,2421)),
	cf(1,phi(1949,var(0))),
	cf(1,subtree(2797,'S[fin]',-,2781)),
	cf(1,phi(2797,var(0))),
	cf(1,subtree(2781,'NP',-,2743)),
	cf(1,phi(2781,var(1))),
	cf(1,subtree(2743,'NPadj',-,491)),
	cf(1,phi(2743,var(1))),
	cf(1,subtree(491,'NPzero',-,485)),
	cf(1,phi(491,var(1))),
	cf(1,subtree(485,'N',483,6)),
	cf(1,phi(485,var(1))),
	cf(1,subtree(483,'N',482,10)),
	cf(1,phi(483,var(1))),
	cf(1,subtree(482,'N',-,11)),
	cf(1,phi(482,var(1))),
	cf(1,subtree(11,'N_BASE',-,12)),
	cf(1,phi(11,var(1))),
	cf(1,terminal(12,'mouse',[1])),
	cf(1,phi(12,var(1))),
	cf(1,subtree(10,'N_SFX_BASE',-,9)),
	cf(1,phi(10,var(1))),
	cf(1,terminal(9,'+Noun',[1])),
	cf(1,phi(9,var(1))),
	cf(1,subtree(6,'NNUM_SFX_BASE',-,5)),
	cf(1,phi(6,var(1))),
	cf(1,terminal(5,'+Pl',[1])),
	cf(1,phi(5,var(1))),
	cf(1,subtree(2421,'VPall[fin]',-,2370)),
	cf(1,phi(2421,var(0))),
	cf(1,subtree(2370,'VPv[fin]',2365,1023)),
	cf(1,phi(2370,var(0))),
	cf(1,subtree(2365,'VPv[fin]',-,2358)),
	cf(1,phi(2365,var(0))),
	cf(1,subtree(2358,'V[fin]',2357,31)),
	cf(1,phi(2358,var(0))),
	cf(1,subtree(2357,'V[fin]',2356,35)),
	cf(1,phi(2357,var(0))),
	cf(1,subtree(2356,'V[fin]',2351,39)),
	cf(1,phi(2356,var(0))),
	cf(1,subtree(2351,'V[fin]',-,40)),
	cf(1,phi(2351,var(0))),
	cf(1,subtree(40,'V_BASE',-,41)),
	cf(1,phi(40,var(0))),
	cf(1,terminal(41,'feed',[26])),
	cf(1,phi(41,var(0))),
	cf(1,subtree(39,'V_SFX_BASE',-,37)),
	cf(1,phi(39,var(0))),
	cf(1,terminal(37,'+Verb',[26])),
	cf(1,phi(37,var(0))),
	cf(1,subtree(35,'VTNS_SFX_BASE',-,33)),
	cf(1,phi(35,var(0))),
	cf(1,terminal(33,'+PastBoth',[26])),
	cf(1,phi(33,var(0))),
	cf(1,subtree(31,'VPERS_SFX_BASE',-,30)),
	cf(1,phi(31,var(0))),
	cf(1,terminal(30,'+123SP',[26])),
	cf(1,phi(30,var(0))),
	cf(1,subtree(1023,'NP',619,1017)),
	cf(1,phi(1023,var(2))),
	cf(1,subtree(619,'NP',-,614)),
	cf(1,phi(619,var(2))),
	cf(1,subtree(614,'D',613,155)),
	cf(1,phi(614,var(2))),
	cf(1,subtree(613,'D',612,156)),
	cf(1,phi(613,var(2))),
	cf(1,subtree(612,'D',611,158)),
	cf(1,phi(612,var(2))),
	cf(1,subtree(611,'D',610,160)),
	cf(1,phi(611,var(2))),
	cf(1,subtree(610,'D',-,165)),
	cf(1,phi(610,var(2))),
	cf(1,subtree(165,'D_BASE',-,163)),
	cf(1,phi(165,var(2))),
	cf(1,terminal(163,'a',[147])),
	cf(1,phi(163,var(2))),
	cf(1,subtree(160,'D_SFX_BASE',-,161)),
	cf(1,phi(160,var(2))),
	cf(1,terminal(161,'+Det',[147])),
	cf(1,phi(161,var(2))),
	cf(1,subtree(158,'D_TYPE_SFX_BASE',-,159)),
	cf(1,phi(158,var(2))),
	cf(1,terminal(159,'+Art',[147])),
	cf(1,phi(159,var(2))),
	cf(1,subtree(156,'DEF_SFX_BASE',-,157)),
	cf(1,phi(156,var(2))),
	cf(1,terminal(157,'+Indef',[147])),
	cf(1,phi(157,var(2))),
	cf(1,subtree(155,'DNUM_SFX_BASE',-,152)),
	cf(1,phi(155,var(2))),
	cf(1,terminal(152,'+Sg',[147])),
	cf(1,phi(152,var(2))),
	cf(1,subtree(1017,'NPadj',1230,810)),
	cf(1,phi(1017,var(2))),
	cf(1,subtree(1230,'NPadj',-,1222)),
	cf(1,phi(1230,var(2))),
	cf(1,subtree(1222,'AP[attr]',-,1216)),
	cf(1,phi(1222,var(12))),
	cf(1,subtree(1216,'A',1214,208)),
	cf(1,phi(1216,var(12))),
	cf(1,subtree(1214,'A',-,191)),
	cf(1,phi(1214,var(12))),
	cf(1,subtree(191,'A_BASE',-,192)),
	cf(1,phi(191,var(12))),
	cf(1,terminal(192,'standard',[182])),
	cf(1,phi(192,var(12))),
	cf(1,subtree(208,'A_SFX_BASE',-,207)),
	cf(1,phi(208,var(12))),
	cf(1,terminal(207,'+Adj',[182])),
	cf(1,phi(207,var(12))),
	cf(1,subtree(810,'NPzero',-,804)),
	cf(1,phi(810,var(2))),
	cf(1,subtree(804,'N',803,215)),
	cf(1,phi(804,var(2))),
	cf(1,subtree(803,'N',793,219)),
	cf(1,phi(803,var(2))),
	cf(1,subtree(793,'N',-,220)),
	cf(1,phi(793,var(2))),
	cf(1,subtree(220,'N_BASE',-,221)),
	cf(1,phi(220,var(2))),
	cf(1,terminal(221,'diet',[211])),
	cf(1,phi(221,var(2))),
	cf(1,subtree(219,'N_SFX_BASE',-,218)),
	cf(1,phi(219,var(2))),
	cf(1,terminal(218,'+Noun',[211])),
	cf(1,phi(218,var(2))),
	cf(1,subtree(215,'NNUM_SFX_BASE',-,213)),
	cf(1,phi(215,var(2))),
	cf(1,terminal(213,'+Sg',[211])),
	cf(1,phi(213,var(2))),
	cf(1,subtree(281,'PERIOD',-,247)),
	cf(1,phi(281,var(0))),
	cf(1,terminal(247,'.',[247])),
	cf(1,phi(247,var(0))),
	cf(1,semform_data(0,11,1,5)),
	cf(1,semform_data(4,40,6,9)),
	cf(1,semform_data(8,165,10,11)),
	cf(1,semform_data(10,191,12,20)),
	cf(1,semform_data(12,220,21,25)),
	cf(1,fspan(var(0),1,27)),
	cf(1,fspan(var(1),1,5)),
	cf(1,fspan(var(2),10,25)),
	cf(1,fspan(var(12),12,20)),
	cf(1,surfaceform(1,'mice',1,5)),
	cf(1,surfaceform(26,'fed',6,9)),
	cf(1,surfaceform(147,'a_',10,11)),
	cf(1,surfaceform(182,'standard',12,20)),
	cf(1,surfaceform(211,'diet',21,25)),
	cf(1,surfaceform(247,'.',26,27))
	]).
