\BOOKMARK [0][-]{chapter.1}{Introduction}{}% 1
\BOOKMARK [1][-]{section.1.1}{Motivation}{chapter.1}% 2
\BOOKMARK [1][-]{section.1.2}{Roadmap}{chapter.1}% 3
\BOOKMARK [1][-]{section.1.3}{Traditional Information Retrieval}{chapter.1}% 4
\BOOKMARK [1][-]{section.1.4}{Ranking Methods}{chapter.1}% 5
\BOOKMARK [2][-]{subsection.1.4.1}{Set theoretic models}{section.1.4}% 6
\BOOKMARK [2][-]{subsection.1.4.2}{Algebraic models}{section.1.4}% 7
\BOOKMARK [2][-]{subsection.1.4.3}{Probabilistic models}{section.1.4}% 8
\BOOKMARK [1][-]{section.1.5}{Limitations}{chapter.1}% 9
\BOOKMARK [0][-]{chapter.2}{Semantic Web}{}% 10
\BOOKMARK [1][-]{section.2.1}{Introduction}{chapter.2}% 11
\BOOKMARK [2][-]{subsection.2.1.1}{Resource Description Framework}{section.2.1}% 12
\BOOKMARK [2][-]{subsection.2.1.2}{Web Ontology Language}{section.2.1}% 13
\BOOKMARK [2][-]{subsection.2.1.3}{SPARQL}{section.2.1}% 14
\BOOKMARK [1][-]{section.2.2}{Achievement}{chapter.2}% 15
\BOOKMARK [0][-]{chapter.3}{Semantic Similarity Measures}{}% 16
\BOOKMARK [1][-]{section.3.1}{Path based similarity}{chapter.3}% 17
\BOOKMARK [1][-]{section.3.2}{Information content based similarity}{chapter.3}% 18
\BOOKMARK [1][-]{section.3.3}{Feature based similarity}{chapter.3}% 19
\BOOKMARK [1][-]{section.3.4}{Use of similarity measures in Ranking}{chapter.3}% 20
\BOOKMARK [0][-]{chapter.4}{Semantic Full Text Search}{}% 21
\BOOKMARK [1][-]{section.4.1}{Full Text search}{chapter.4}% 22
\BOOKMARK [1][-]{section.4.2}{Ontological search}{chapter.4}% 23
\BOOKMARK [1][-]{section.4.3}{Integration of full text search and ontology search}{chapter.4}% 24
\BOOKMARK [0][-]{chapter.5}{Semantic Association Ranking}{}% 25
\BOOKMARK [1][-]{section.5.1}{Semantic Associations}{chapter.5}% 26
\BOOKMARK [1][-]{section.5.2}{Context aware semantic association ranking}{chapter.5}% 27
\BOOKMARK [1][-]{section.5.3}{SemRank}{chapter.5}% 28
\BOOKMARK [0][-]{chapter.6}{Conclusion and Future work}{}% 29
